Analysis & Synthesis report for Wrapper
Sat Jun 19 05:35:30 2021
Quartus Prime Version 20.1.0 Build 711 06/05/2020 SJ Lite Edition


---------------------
; Table of Contents ;
---------------------
  1. Legal Notice
  2. Analysis & Synthesis Summary
  3. Analysis & Synthesis Settings
  4. Parallel Compilation
  5. Analysis & Synthesis Source Files Read
  6. Analysis & Synthesis Resource Usage Summary
  7. Analysis & Synthesis Resource Utilization by Entity
  8. Analysis & Synthesis RAM Summary
  9. Analysis & Synthesis DSP Block Usage Summary
 10. Analysis & Synthesis IP Cores Summary
 11. State Machine - |Wrapper|WrapperDataPath:data_path|exponential:ex|controller:control|ps
 12. State Machine - |Wrapper|WrapperController:controller|ps
 13. User-Specified and Inferred Latches
 14. Registers Removed During Synthesis
 15. Removed Registers Triggering Further Register Optimizations
 16. General Register Statistics
 17. Multiplexer Restructuring Statistics (Restructuring Performed)
 18. Source assignments for WrapperDataPath:data_path|FIFO:fifo|scfifo:scfifo_component|scfifo_9k31:auto_generated|a_dpfifo_gq31:dpfifo|altsyncram_kgm1:FIFOram
 19. Parameter Settings for User Entity Instance: WrapperDataPath:data_path|exponential:ex|controller:control
 20. Parameter Settings for User Entity Instance: WrapperDataPath:data_path|FIFO:fifo|scfifo:scfifo_component
 21. Parameter Settings for Inferred Entity Instance: WrapperDataPath:data_path|exponential:ex|datapath:dP|multiplier:mult|lpm_mult:Mult0
 22. scfifo Parameter Settings by Entity Instance
 23. lpm_mult Parameter Settings by Entity Instance
 24. Port Connectivity Checks: "WrapperDataPath:data_path|exponential:ex|datapath:dP|adder:add"
 25. Port Connectivity Checks: "WrapperDataPath:data_path|exponential:ex|datapath:dP|counter:count"
 26. Post-Synthesis Netlist Statistics for Top Partition
 27. Elapsed Time Per Partition
 28. Analysis & Synthesis Messages



----------------
; Legal Notice ;
----------------
Copyright (C) 2020  Intel Corporation. All rights reserved.
Your use of Intel Corporation's design tools, logic functions 
and other software and tools, and any partner logic 
functions, and any output files from any of the foregoing 
(including device programming or simulation files), and any 
associated documentation or information are expressly subject 
to the terms and conditions of the Intel Program License 
Subscription Agreement, the Intel Quartus Prime License Agreement,
the Intel FPGA IP License Agreement, or other applicable license
agreement, including, without limitation, that your use is for
the sole purpose of programming logic devices manufactured by
Intel and sold by Intel or its authorized distributors.  Please
refer to the applicable agreement for further details, at
https://fpgasoftware.intel.com/eula.



+----------------------------------------------------------------------------------+
; Analysis & Synthesis Summary                                                     ;
+------------------------------------+---------------------------------------------+
; Analysis & Synthesis Status        ; Successful - Sat Jun 19 05:35:30 2021       ;
; Quartus Prime Version              ; 20.1.0 Build 711 06/05/2020 SJ Lite Edition ;
; Revision Name                      ; Wrapper                                     ;
; Top-level Entity Name              ; Wrapper                                     ;
; Family                             ; Cyclone IV E                                ;
; Total logic elements               ; 174                                         ;
;     Total combinational functions  ; 167                                         ;
;     Dedicated logic registers      ; 92                                          ;
; Total registers                    ; 92                                          ;
; Total pins                         ; 48                                          ;
; Total virtual pins                 ; 0                                           ;
; Total memory bits                  ; 42                                          ;
; Embedded Multiplier 9-bit elements ; 2                                           ;
; Total PLLs                         ; 0                                           ;
+------------------------------------+---------------------------------------------+


+------------------------------------------------------------------------------------------------------------+
; Analysis & Synthesis Settings                                                                              ;
+------------------------------------------------------------------+--------------------+--------------------+
; Option                                                           ; Setting            ; Default Value      ;
+------------------------------------------------------------------+--------------------+--------------------+
; Device                                                           ; EP4CE6E22A7        ;                    ;
; Top-level entity name                                            ; Wrapper            ; Wrapper            ;
; Family name                                                      ; Cyclone IV E       ; Cyclone V          ;
; Use smart compilation                                            ; Off                ; Off                ;
; Enable parallel Assembler and Timing Analyzer during compilation ; On                 ; On                 ;
; Enable compact report table                                      ; Off                ; Off                ;
; Restructure Multiplexers                                         ; Auto               ; Auto               ;
; Create Debugging Nodes for IP Cores                              ; Off                ; Off                ;
; Preserve fewer node names                                        ; On                 ; On                 ;
; Intel FPGA IP Evaluation Mode                                    ; Enable             ; Enable             ;
; Verilog Version                                                  ; Verilog_2001       ; Verilog_2001       ;
; VHDL Version                                                     ; VHDL_1993          ; VHDL_1993          ;
; State Machine Processing                                         ; Auto               ; Auto               ;
; Safe State Machine                                               ; Off                ; Off                ;
; Extract Verilog State Machines                                   ; On                 ; On                 ;
; Extract VHDL State Machines                                      ; On                 ; On                 ;
; Ignore Verilog initial constructs                                ; Off                ; Off                ;
; Iteration limit for constant Verilog loops                       ; 5000               ; 5000               ;
; Iteration limit for non-constant Verilog loops                   ; 250                ; 250                ;
; Add Pass-Through Logic to Inferred RAMs                          ; On                 ; On                 ;
; Infer RAMs from Raw Logic                                        ; On                 ; On                 ;
; Parallel Synthesis                                               ; On                 ; On                 ;
; DSP Block Balancing                                              ; Auto               ; Auto               ;
; NOT Gate Push-Back                                               ; On                 ; On                 ;
; Power-Up Don't Care                                              ; On                 ; On                 ;
; Remove Redundant Logic Cells                                     ; Off                ; Off                ;
; Remove Duplicate Registers                                       ; On                 ; On                 ;
; Ignore CARRY Buffers                                             ; Off                ; Off                ;
; Ignore CASCADE Buffers                                           ; Off                ; Off                ;
; Ignore GLOBAL Buffers                                            ; Off                ; Off                ;
; Ignore ROW GLOBAL Buffers                                        ; Off                ; Off                ;
; Ignore LCELL Buffers                                             ; Off                ; Off                ;
; Ignore SOFT Buffers                                              ; On                 ; On                 ;
; Limit AHDL Integers to 32 Bits                                   ; Off                ; Off                ;
; Optimization Technique                                           ; Balanced           ; Balanced           ;
; Carry Chain Length                                               ; 70                 ; 70                 ;
; Auto Carry Chains                                                ; On                 ; On                 ;
; Auto Open-Drain Pins                                             ; On                 ; On                 ;
; Perform WYSIWYG Primitive Resynthesis                            ; Off                ; Off                ;
; Auto ROM Replacement                                             ; On                 ; On                 ;
; Auto RAM Replacement                                             ; On                 ; On                 ;
; Auto DSP Block Replacement                                       ; On                 ; On                 ;
; Auto Shift Register Replacement                                  ; Auto               ; Auto               ;
; Allow Shift Register Merging across Hierarchies                  ; Auto               ; Auto               ;
; Auto Clock Enable Replacement                                    ; On                 ; On                 ;
; Strict RAM Replacement                                           ; Off                ; Off                ;
; Allow Synchronous Control Signals                                ; On                 ; On                 ;
; Force Use of Synchronous Clear Signals                           ; Off                ; Off                ;
; Auto RAM Block Balancing                                         ; On                 ; On                 ;
; Auto RAM to Logic Cell Conversion                                ; Off                ; Off                ;
; Auto Resource Sharing                                            ; Off                ; Off                ;
; Allow Any RAM Size For Recognition                               ; Off                ; Off                ;
; Allow Any ROM Size For Recognition                               ; Off                ; Off                ;
; Allow Any Shift Register Size For Recognition                    ; Off                ; Off                ;
; Use LogicLock Constraints during Resource Balancing              ; On                 ; On                 ;
; Ignore translate_off and synthesis_off directives                ; Off                ; Off                ;
; Timing-Driven Synthesis                                          ; On                 ; On                 ;
; Report Parameter Settings                                        ; On                 ; On                 ;
; Report Source Assignments                                        ; On                 ; On                 ;
; Report Connectivity Checks                                       ; On                 ; On                 ;
; Ignore Maximum Fan-Out Assignments                               ; Off                ; Off                ;
; Synchronization Register Chain Length                            ; 2                  ; 2                  ;
; Power Optimization During Synthesis                              ; Normal compilation ; Normal compilation ;
; HDL message level                                                ; Level2             ; Level2             ;
; Suppress Register Optimization Related Messages                  ; Off                ; Off                ;
; Number of Removed Registers Reported in Synthesis Report         ; 5000               ; 5000               ;
; Number of Swept Nodes Reported in Synthesis Report               ; 5000               ; 5000               ;
; Number of Inverted Registers Reported in Synthesis Report        ; 100                ; 100                ;
; Clock MUX Protection                                             ; On                 ; On                 ;
; Auto Gated Clock Conversion                                      ; Off                ; Off                ;
; Block Design Naming                                              ; Auto               ; Auto               ;
; SDC constraint protection                                        ; Off                ; Off                ;
; Synthesis Effort                                                 ; Auto               ; Auto               ;
; Shift Register Replacement - Allow Asynchronous Clear Signal     ; On                 ; On                 ;
; Pre-Mapping Resynthesis Optimization                             ; Off                ; Off                ;
; Analysis & Synthesis Message Level                               ; Medium             ; Medium             ;
; Disable Register Merging Across Hierarchies                      ; Auto               ; Auto               ;
; Resource Aware Inference For Block RAM                           ; On                 ; On                 ;
+------------------------------------------------------------------+--------------------+--------------------+


+------------------------------------------+
; Parallel Compilation                     ;
+----------------------------+-------------+
; Processors                 ; Number      ;
+----------------------------+-------------+
; Number detected on machine ; 4           ;
; Maximum allowed            ; 2           ;
;                            ;             ;
; Average used               ; 1.00        ;
; Maximum used               ; 2           ;
;                            ;             ;
; Usage by Processor         ; % Time Used ;
;     Processor 1            ; 100.0%      ;
;     Processor 2            ;   0.0%      ;
+----------------------------+-------------+


+----------------------------------------------------------------------------------------------------------------------------------------------------------------------------------------------+
; Analysis & Synthesis Source Files Read                                                                                                                                                       ;
+-------------------------------------+-----------------+------------------------------+---------------------------------------------------------------------------------------------+---------+
; File Name with User-Entered Path    ; Used in Netlist ; File Type                    ; File Name with Absolute Path                                                                ; Library ;
+-------------------------------------+-----------------+------------------------------+---------------------------------------------------------------------------------------------+---------+
; ../../Exp_Accelerator/register18.v  ; yes             ; User Verilog HDL File        ; D:/Files/University/Term 4/DLD Lab/Projects/Project4/Exp_Accelerator/register18.v           ;         ;
; ../../Exp_Accelerator/register.v    ; yes             ; User Verilog HDL File        ; D:/Files/University/Term 4/DLD Lab/Projects/Project4/Exp_Accelerator/register.v             ;         ;
; ../../Exp_Accelerator/mux2to1.v     ; yes             ; User Verilog HDL File        ; D:/Files/University/Term 4/DLD Lab/Projects/Project4/Exp_Accelerator/mux2to1.v              ;         ;
; ../../Exp_Accelerator/multiplier.v  ; yes             ; User Verilog HDL File        ; D:/Files/University/Term 4/DLD Lab/Projects/Project4/Exp_Accelerator/multiplier.v           ;         ;
; ../../Exp_Accelerator/LUTExp.v      ; yes             ; User Verilog HDL File        ; D:/Files/University/Term 4/DLD Lab/Projects/Project4/Exp_Accelerator/LUTExp.v               ;         ;
; ../../Exp_Accelerator/exponential.v ; yes             ; User Verilog HDL File        ; D:/Files/University/Term 4/DLD Lab/Projects/Project4/Exp_Accelerator/exponential.v          ;         ;
; ../../Exp_Accelerator/Datapath.v    ; yes             ; User Verilog HDL File        ; D:/Files/University/Term 4/DLD Lab/Projects/Project4/Exp_Accelerator/Datapath.v             ;         ;
; ../../Exp_Accelerator/Counter.v     ; yes             ; User Verilog HDL File        ; D:/Files/University/Term 4/DLD Lab/Projects/Project4/Exp_Accelerator/Counter.v              ;         ;
; ../../Exp_Accelerator/Controller.v  ; yes             ; User Verilog HDL File        ; D:/Files/University/Term 4/DLD Lab/Projects/Project4/Exp_Accelerator/Controller.v           ;         ;
; ../../Exp_Accelerator/adder.v       ; yes             ; User Verilog HDL File        ; D:/Files/University/Term 4/DLD Lab/Projects/Project4/Exp_Accelerator/adder.v                ;         ;
; WrapperController.v                 ; yes             ; User Verilog HDL File        ; D:/Files/University/Term 4/DLD Lab/Projects/Project4/Quartus/Wrapper/WrapperController.v    ;         ;
; FIFO.v                              ; yes             ; User Wizard-Generated File   ; D:/Files/University/Term 4/DLD Lab/Projects/Project4/Quartus/Wrapper/FIFO.v                 ;         ;
; WrapperDataPath.v                   ; yes             ; User Verilog HDL File        ; D:/Files/University/Term 4/DLD Lab/Projects/Project4/Quartus/Wrapper/WrapperDataPath.v      ;         ;
; Wrapper.v                           ; yes             ; User Verilog HDL File        ; D:/Files/University/Term 4/DLD Lab/Projects/Project4/Quartus/Wrapper/Wrapper.v              ;         ;
; scfifo.tdf                          ; yes             ; Megafunction                 ; c:/intelfpga_lite/20.1/quartus/libraries/megafunctions/scfifo.tdf                           ;         ;
; a_regfifo.inc                       ; yes             ; Megafunction                 ; c:/intelfpga_lite/20.1/quartus/libraries/megafunctions/a_regfifo.inc                        ;         ;
; a_dpfifo.inc                        ; yes             ; Megafunction                 ; c:/intelfpga_lite/20.1/quartus/libraries/megafunctions/a_dpfifo.inc                         ;         ;
; a_i2fifo.inc                        ; yes             ; Megafunction                 ; c:/intelfpga_lite/20.1/quartus/libraries/megafunctions/a_i2fifo.inc                         ;         ;
; a_fffifo.inc                        ; yes             ; Megafunction                 ; c:/intelfpga_lite/20.1/quartus/libraries/megafunctions/a_fffifo.inc                         ;         ;
; a_f2fifo.inc                        ; yes             ; Megafunction                 ; c:/intelfpga_lite/20.1/quartus/libraries/megafunctions/a_f2fifo.inc                         ;         ;
; aglobal201.inc                      ; yes             ; Megafunction                 ; c:/intelfpga_lite/20.1/quartus/libraries/megafunctions/aglobal201.inc                       ;         ;
; db/scfifo_9k31.tdf                  ; yes             ; Auto-Generated Megafunction  ; D:/Files/University/Term 4/DLD Lab/Projects/Project4/Quartus/Wrapper/db/scfifo_9k31.tdf     ;         ;
; db/a_dpfifo_gq31.tdf                ; yes             ; Auto-Generated Megafunction  ; D:/Files/University/Term 4/DLD Lab/Projects/Project4/Quartus/Wrapper/db/a_dpfifo_gq31.tdf   ;         ;
; db/a_fefifo_h4f.tdf                 ; yes             ; Auto-Generated Megafunction  ; D:/Files/University/Term 4/DLD Lab/Projects/Project4/Quartus/Wrapper/db/a_fefifo_h4f.tdf    ;         ;
; db/cntr_9o7.tdf                     ; yes             ; Auto-Generated Megafunction  ; D:/Files/University/Term 4/DLD Lab/Projects/Project4/Quartus/Wrapper/db/cntr_9o7.tdf        ;         ;
; db/altsyncram_kgm1.tdf              ; yes             ; Auto-Generated Megafunction  ; D:/Files/University/Term 4/DLD Lab/Projects/Project4/Quartus/Wrapper/db/altsyncram_kgm1.tdf ;         ;
; db/cntr_tnb.tdf                     ; yes             ; Auto-Generated Megafunction  ; D:/Files/University/Term 4/DLD Lab/Projects/Project4/Quartus/Wrapper/db/cntr_tnb.tdf        ;         ;
; lpm_mult.tdf                        ; yes             ; Megafunction                 ; c:/intelfpga_lite/20.1/quartus/libraries/megafunctions/lpm_mult.tdf                         ;         ;
; lpm_add_sub.inc                     ; yes             ; Megafunction                 ; c:/intelfpga_lite/20.1/quartus/libraries/megafunctions/lpm_add_sub.inc                      ;         ;
; multcore.inc                        ; yes             ; Megafunction                 ; c:/intelfpga_lite/20.1/quartus/libraries/megafunctions/multcore.inc                         ;         ;
; bypassff.inc                        ; yes             ; Megafunction                 ; c:/intelfpga_lite/20.1/quartus/libraries/megafunctions/bypassff.inc                         ;         ;
; altshift.inc                        ; yes             ; Megafunction                 ; c:/intelfpga_lite/20.1/quartus/libraries/megafunctions/altshift.inc                         ;         ;
; db/mult_7dt.tdf                     ; yes             ; Auto-Generated Megafunction  ; D:/Files/University/Term 4/DLD Lab/Projects/Project4/Quartus/Wrapper/db/mult_7dt.tdf        ;         ;
+-------------------------------------+-----------------+------------------------------+---------------------------------------------------------------------------------------------+---------+


+---------------------------------------------------------+
; Analysis & Synthesis Resource Usage Summary             ;
+---------------------------------------------+-----------+
; Resource                                    ; Usage     ;
+---------------------------------------------+-----------+
; Estimated Total logic elements              ; 174       ;
;                                             ;           ;
; Total combinational functions               ; 167       ;
; Logic element usage by number of LUT inputs ;           ;
;     -- 4 input functions                    ; 9         ;
;     -- 3 input functions                    ; 125       ;
;     -- <=2 input functions                  ; 33        ;
;                                             ;           ;
; Logic elements by mode                      ;           ;
;     -- normal mode                          ; 150       ;
;     -- arithmetic mode                      ; 17        ;
;                                             ;           ;
; Total registers                             ; 92        ;
;     -- Dedicated logic registers            ; 92        ;
;     -- I/O registers                        ; 0         ;
;                                             ;           ;
; I/O pins                                    ; 48        ;
; Total memory bits                           ; 42        ;
;                                             ;           ;
; Embedded Multiplier 9-bit elements          ; 2         ;
;                                             ;           ;
; Maximum fan-out node                        ; clk~input ;
; Maximum fan-out                             ; 113       ;
; Total fan-out                               ; 1011      ;
; Average fan-out                             ; 2.67      ;
+---------------------------------------------+-----------+


+----------------------------------------------------------------------------------------------------------------------------------------------------------------------------------------------------------------------------------------------------------------------------------------------------------------------------------------------------------+
; Analysis & Synthesis Resource Utilization by Entity                                                                                                                                                                                                                                                                                                      ;
+---------------------------------------------+---------------------+---------------------------+-------------+--------------+---------+-----------+------+--------------+----------------------------------------------------------------------------------------------------------------------------------------------+-------------------+--------------+
; Compilation Hierarchy Node                  ; Combinational ALUTs ; Dedicated Logic Registers ; Memory Bits ; DSP Elements ; DSP 9x9 ; DSP 18x18 ; Pins ; Virtual Pins ; Full Hierarchy Name                                                                                                                          ; Entity Name       ; Library Name ;
+---------------------------------------------+---------------------+---------------------------+-------------+--------------+---------+-----------+------+--------------+----------------------------------------------------------------------------------------------------------------------------------------------+-------------------+--------------+
; |Wrapper                                    ; 167 (1)             ; 92 (0)                    ; 42          ; 2            ; 0       ; 1         ; 48   ; 0            ; |Wrapper                                                                                                                                     ; Wrapper           ; work         ;
;    |WrapperController:controller|           ; 12 (12)             ; 14 (14)                   ; 0           ; 0            ; 0       ; 0         ; 0    ; 0            ; |Wrapper|WrapperController:controller                                                                                                        ; WrapperController ; work         ;
;    |WrapperDataPath:data_path|              ; 154 (0)             ; 78 (0)                    ; 42          ; 2            ; 0       ; 1         ; 0    ; 0            ; |Wrapper|WrapperDataPath:data_path                                                                                                           ; WrapperDataPath   ; work         ;
;       |FIFO:fifo|                           ; 0 (0)               ; 0 (0)                     ; 42          ; 0            ; 0       ; 0         ; 0    ; 0            ; |Wrapper|WrapperDataPath:data_path|FIFO:fifo                                                                                                 ; FIFO              ; work         ;
;          |scfifo:scfifo_component|          ; 0 (0)               ; 0 (0)                     ; 42          ; 0            ; 0       ; 0         ; 0    ; 0            ; |Wrapper|WrapperDataPath:data_path|FIFO:fifo|scfifo:scfifo_component                                                                         ; scfifo            ; work         ;
;             |scfifo_9k31:auto_generated|    ; 0 (0)               ; 0 (0)                     ; 42          ; 0            ; 0       ; 0         ; 0    ; 0            ; |Wrapper|WrapperDataPath:data_path|FIFO:fifo|scfifo:scfifo_component|scfifo_9k31:auto_generated                                              ; scfifo_9k31       ; work         ;
;                |a_dpfifo_gq31:dpfifo|       ; 0 (0)               ; 0 (0)                     ; 42          ; 0            ; 0       ; 0         ; 0    ; 0            ; |Wrapper|WrapperDataPath:data_path|FIFO:fifo|scfifo:scfifo_component|scfifo_9k31:auto_generated|a_dpfifo_gq31:dpfifo                         ; a_dpfifo_gq31     ; work         ;
;                   |altsyncram_kgm1:FIFOram| ; 0 (0)               ; 0 (0)                     ; 42          ; 0            ; 0       ; 0         ; 0    ; 0            ; |Wrapper|WrapperDataPath:data_path|FIFO:fifo|scfifo:scfifo_component|scfifo_9k31:auto_generated|a_dpfifo_gq31:dpfifo|altsyncram_kgm1:FIFOram ; altsyncram_kgm1   ; work         ;
;       |Register:register|                   ; 0 (0)               ; 2 (2)                     ; 0           ; 0            ; 0       ; 0         ; 0    ; 0            ; |Wrapper|WrapperDataPath:data_path|Register:register                                                                                         ; Register          ; work         ;
;       |ShiftReg:shift_reg|                  ; 18 (18)             ; 16 (16)                   ; 0           ; 0            ; 0       ; 0         ; 0    ; 0            ; |Wrapper|WrapperDataPath:data_path|ShiftReg:shift_reg                                                                                        ; ShiftReg          ; work         ;
;       |Shifter:shifter|                     ; 37 (37)             ; 0 (0)                     ; 0           ; 0            ; 0       ; 0         ; 0    ; 0            ; |Wrapper|WrapperDataPath:data_path|Shifter:shifter                                                                                           ; Shifter           ; work         ;
;       |exponential:ex|                      ; 99 (0)              ; 60 (0)                    ; 0           ; 2            ; 0       ; 1         ; 0    ; 0            ; |Wrapper|WrapperDataPath:data_path|exponential:ex                                                                                            ; exponential       ; work         ;
;          |controller:control|               ; 5 (5)               ; 6 (6)                     ; 0           ; 0            ; 0       ; 0         ; 0    ; 0            ; |Wrapper|WrapperDataPath:data_path|exponential:ex|controller:control                                                                         ; controller        ; work         ;
;          |datapath:dP|                      ; 94 (0)              ; 54 (0)                    ; 0           ; 2            ; 0       ; 1         ; 0    ; 0            ; |Wrapper|WrapperDataPath:data_path|exponential:ex|datapath:dP                                                                                ; datapath          ; work         ;
;             |LUT:lut|                       ; 21 (21)             ; 0 (0)                     ; 0           ; 0            ; 0       ; 0         ; 0    ; 0            ; |Wrapper|WrapperDataPath:data_path|exponential:ex|datapath:dP|LUT:lut                                                                        ; LUT               ; work         ;
;             |counter:count|                 ; 5 (5)               ; 4 (4)                     ; 0           ; 0            ; 0       ; 0         ; 0    ; 0            ; |Wrapper|WrapperDataPath:data_path|exponential:ex|datapath:dP|counter:count                                                                  ; counter           ; work         ;
;             |multiplier:mult|               ; 0 (0)               ; 0 (0)                     ; 0           ; 2            ; 0       ; 1         ; 0    ; 0            ; |Wrapper|WrapperDataPath:data_path|exponential:ex|datapath:dP|multiplier:mult                                                                ; multiplier        ; work         ;
;                |lpm_mult:Mult0|             ; 0 (0)               ; 0 (0)                     ; 0           ; 2            ; 0       ; 1         ; 0    ; 0            ; |Wrapper|WrapperDataPath:data_path|exponential:ex|datapath:dP|multiplier:mult|lpm_mult:Mult0                                                 ; lpm_mult          ; work         ;
;                   |mult_7dt:auto_generated| ; 0 (0)               ; 0 (0)                     ; 0           ; 2            ; 0       ; 1         ; 0    ; 0            ; |Wrapper|WrapperDataPath:data_path|exponential:ex|datapath:dP|multiplier:mult|lpm_mult:Mult0|mult_7dt:auto_generated                         ; mult_7dt          ; work         ;
;             |mux2to1:mux|                   ; 16 (16)             ; 0 (0)                     ; 0           ; 0            ; 0       ; 0         ; 0    ; 0            ; |Wrapper|WrapperDataPath:data_path|exponential:ex|datapath:dP|mux2to1:mux                                                                    ; mux2to1           ; work         ;
;             |register18:rres|               ; 19 (19)             ; 18 (18)                   ; 0           ; 0            ; 0       ; 0         ; 0    ; 0            ; |Wrapper|WrapperDataPath:data_path|exponential:ex|datapath:dP|register18:rres                                                                ; register18        ; work         ;
;             |register:regx|                 ; 16 (16)             ; 16 (16)                   ; 0           ; 0            ; 0       ; 0         ; 0    ; 0            ; |Wrapper|WrapperDataPath:data_path|exponential:ex|datapath:dP|register:regx                                                                  ; register          ; work         ;
;             |register:rtemp|                ; 17 (17)             ; 16 (16)                   ; 0           ; 0            ; 0       ; 0         ; 0    ; 0            ; |Wrapper|WrapperDataPath:data_path|exponential:ex|datapath:dP|register:rtemp                                                                 ; register          ; work         ;
+---------------------------------------------+---------------------+---------------------------+-------------+--------------+---------+-----------+------+--------------+----------------------------------------------------------------------------------------------------------------------------------------------+-------------------+--------------+
Note: For table entries with two numbers listed, the numbers in parentheses indicate the number of resources of the given type used by the specific entity alone. The numbers listed outside of parentheses indicate the total resources of the given type used by the specific entity and all of its sub-entities in the hierarchy.


+----------------------------------------------------------------------------------------------------------------------------------------------------------------------------------------------------------------------------------------------------+
; Analysis & Synthesis RAM Summary                                                                                                                                                                                                                   ;
+------------------------------------------------------------------------------------------------------------------------------------------------+------+------------------+--------------+--------------+--------------+--------------+------+------+
; Name                                                                                                                                           ; Type ; Mode             ; Port A Depth ; Port A Width ; Port B Depth ; Port B Width ; Size ; MIF  ;
+------------------------------------------------------------------------------------------------------------------------------------------------+------+------------------+--------------+--------------+--------------+--------------+------+------+
; WrapperDataPath:data_path|FIFO:fifo|scfifo:scfifo_component|scfifo_9k31:auto_generated|a_dpfifo_gq31:dpfifo|altsyncram_kgm1:FIFOram|ALTSYNCRAM ; AUTO ; Simple Dual Port ; 4            ; 21           ; 4            ; 21           ; 84   ; None ;
+------------------------------------------------------------------------------------------------------------------------------------------------+------+------------------+--------------+--------------+--------------+--------------+------+------+


+-----------------------------------------------------+
; Analysis & Synthesis DSP Block Usage Summary        ;
+---------------------------------------+-------------+
; Statistic                             ; Number Used ;
+---------------------------------------+-------------+
; Simple Multipliers (9-bit)            ; 0           ;
; Simple Multipliers (18-bit)           ; 1           ;
; Embedded Multiplier Blocks            ; --          ;
; Embedded Multiplier 9-bit elements    ; 2           ;
; Signed Embedded Multipliers           ; 0           ;
; Unsigned Embedded Multipliers         ; 1           ;
; Mixed Sign Embedded Multipliers       ; 0           ;
; Variable Sign Embedded Multipliers    ; 0           ;
; Dedicated Input Shift Register Chains ; 0           ;
+---------------------------------------+-------------+
Note: number of Embedded Multiplier Blocks used is only available after a successful fit.


+--------------------------------------------------------------------------------------------------------------------------------+
; Analysis & Synthesis IP Cores Summary                                                                                          ;
+--------+--------------+---------+--------------+--------------+----------------------------------------------+-----------------+
; Vendor ; IP Core Name ; Version ; Release Date ; License Type ; Entity Instance                              ; IP Include File ;
+--------+--------------+---------+--------------+--------------+----------------------------------------------+-----------------+
; Altera ; FIFO         ; 20.1    ; N/A          ; N/A          ; |Wrapper|WrapperDataPath:data_path|FIFO:fifo ; FIFO.v          ;
+--------+--------------+---------+--------------+--------------+----------------------------------------------+-----------------+


Encoding Type:  One-Hot
+-------------------------------------------------------------------------------------------+
; State Machine - |Wrapper|WrapperDataPath:data_path|exponential:ex|controller:control|ps   ;
+-------------------+--------+----------+----------+----------+-------------------+---------+
; Name              ; ps.Add ; ps.Mult2 ; ps.Mult1 ; ps.Begin ; ps.Initialization ; ps.Idle ;
+-------------------+--------+----------+----------+----------+-------------------+---------+
; ps.Idle           ; 0      ; 0        ; 0        ; 0        ; 0                 ; 0       ;
; ps.Initialization ; 0      ; 0        ; 0        ; 0        ; 1                 ; 1       ;
; ps.Begin          ; 0      ; 0        ; 0        ; 1        ; 0                 ; 1       ;
; ps.Mult1          ; 0      ; 0        ; 1        ; 0        ; 0                 ; 1       ;
; ps.Mult2          ; 0      ; 1        ; 0        ; 0        ; 0                 ; 1       ;
; ps.Add            ; 1      ; 0        ; 0        ; 0        ; 0                 ; 1       ;
+-------------------+--------+----------+----------+----------+-------------------+---------+


Encoding Type:  One-Hot
+-----------------------------------------------------------------------------------------------------------------------------------------------------+
; State Machine - |Wrapper|WrapperController:controller|ps                                                                                            ;
+---------+---------+---------+---------+---------+---------+---------+---------+---------+---------+---------+---------+---------+---------+---------+
; Name    ; ps.1101 ; ps.1100 ; ps.1011 ; ps.1010 ; ps.1001 ; ps.1000 ; ps.0111 ; ps.0110 ; ps.0101 ; ps.0100 ; ps.0011 ; ps.0010 ; ps.0001 ; ps.0000 ;
+---------+---------+---------+---------+---------+---------+---------+---------+---------+---------+---------+---------+---------+---------+---------+
; ps.0000 ; 0       ; 0       ; 0       ; 0       ; 0       ; 0       ; 0       ; 0       ; 0       ; 0       ; 0       ; 0       ; 0       ; 0       ;
; ps.0001 ; 0       ; 0       ; 0       ; 0       ; 0       ; 0       ; 0       ; 0       ; 0       ; 0       ; 0       ; 0       ; 1       ; 1       ;
; ps.0010 ; 0       ; 0       ; 0       ; 0       ; 0       ; 0       ; 0       ; 0       ; 0       ; 0       ; 0       ; 1       ; 0       ; 1       ;
; ps.0011 ; 0       ; 0       ; 0       ; 0       ; 0       ; 0       ; 0       ; 0       ; 0       ; 0       ; 1       ; 0       ; 0       ; 1       ;
; ps.0100 ; 0       ; 0       ; 0       ; 0       ; 0       ; 0       ; 0       ; 0       ; 0       ; 1       ; 0       ; 0       ; 0       ; 1       ;
; ps.0101 ; 0       ; 0       ; 0       ; 0       ; 0       ; 0       ; 0       ; 0       ; 1       ; 0       ; 0       ; 0       ; 0       ; 1       ;
; ps.0110 ; 0       ; 0       ; 0       ; 0       ; 0       ; 0       ; 0       ; 1       ; 0       ; 0       ; 0       ; 0       ; 0       ; 1       ;
; ps.0111 ; 0       ; 0       ; 0       ; 0       ; 0       ; 0       ; 1       ; 0       ; 0       ; 0       ; 0       ; 0       ; 0       ; 1       ;
; ps.1000 ; 0       ; 0       ; 0       ; 0       ; 0       ; 1       ; 0       ; 0       ; 0       ; 0       ; 0       ; 0       ; 0       ; 1       ;
; ps.1001 ; 0       ; 0       ; 0       ; 0       ; 1       ; 0       ; 0       ; 0       ; 0       ; 0       ; 0       ; 0       ; 0       ; 1       ;
; ps.1010 ; 0       ; 0       ; 0       ; 1       ; 0       ; 0       ; 0       ; 0       ; 0       ; 0       ; 0       ; 0       ; 0       ; 1       ;
; ps.1011 ; 0       ; 0       ; 1       ; 0       ; 0       ; 0       ; 0       ; 0       ; 0       ; 0       ; 0       ; 0       ; 0       ; 1       ;
; ps.1100 ; 0       ; 1       ; 0       ; 0       ; 0       ; 0       ; 0       ; 0       ; 0       ; 0       ; 0       ; 0       ; 0       ; 1       ;
; ps.1101 ; 1       ; 0       ; 0       ; 0       ; 0       ; 0       ; 0       ; 0       ; 0       ; 0       ; 0       ; 0       ; 0       ; 1       ;
+---------+---------+---------+---------+---------+---------+---------+---------+---------+---------+---------+---------+---------+---------+---------+


+-----------------------------------------------------------------------------------------------------------------------------------------------------------------------------+
; User-Specified and Inferred Latches                                                                                                                                         ;
+------------------------------------------------------------------------+---------------------------------------------------------------------------+------------------------+
; Latch Name                                                             ; Latch Enable Signal                                                       ; Free of Timing Hazards ;
+------------------------------------------------------------------------+---------------------------------------------------------------------------+------------------------+
; WrapperDataPath:data_path|exponential:ex|datapath:dP|LUT:lut|datat[0]  ; WrapperDataPath:data_path|exponential:ex|datapath:dP|counter:count|out[3] ; yes                    ;
; WrapperDataPath:data_path|exponential:ex|datapath:dP|LUT:lut|datat[1]  ; WrapperDataPath:data_path|exponential:ex|datapath:dP|counter:count|out[3] ; yes                    ;
; WrapperDataPath:data_path|exponential:ex|datapath:dP|LUT:lut|datat[2]  ; WrapperDataPath:data_path|exponential:ex|datapath:dP|counter:count|out[3] ; yes                    ;
; WrapperDataPath:data_path|exponential:ex|datapath:dP|LUT:lut|datat[3]  ; WrapperDataPath:data_path|exponential:ex|datapath:dP|counter:count|out[3] ; yes                    ;
; WrapperDataPath:data_path|exponential:ex|datapath:dP|LUT:lut|datat[4]  ; WrapperDataPath:data_path|exponential:ex|datapath:dP|counter:count|out[3] ; yes                    ;
; WrapperDataPath:data_path|exponential:ex|datapath:dP|LUT:lut|datat[5]  ; WrapperDataPath:data_path|exponential:ex|datapath:dP|counter:count|out[3] ; yes                    ;
; WrapperDataPath:data_path|exponential:ex|datapath:dP|LUT:lut|datat[6]  ; WrapperDataPath:data_path|exponential:ex|datapath:dP|counter:count|out[3] ; yes                    ;
; WrapperDataPath:data_path|exponential:ex|datapath:dP|LUT:lut|datat[7]  ; WrapperDataPath:data_path|exponential:ex|datapath:dP|counter:count|out[3] ; yes                    ;
; WrapperDataPath:data_path|exponential:ex|datapath:dP|LUT:lut|datat[8]  ; WrapperDataPath:data_path|exponential:ex|datapath:dP|counter:count|out[3] ; yes                    ;
; WrapperDataPath:data_path|exponential:ex|datapath:dP|LUT:lut|datat[9]  ; WrapperDataPath:data_path|exponential:ex|datapath:dP|counter:count|out[3] ; yes                    ;
; WrapperDataPath:data_path|exponential:ex|datapath:dP|LUT:lut|datat[10] ; WrapperDataPath:data_path|exponential:ex|datapath:dP|counter:count|out[3] ; yes                    ;
; WrapperDataPath:data_path|exponential:ex|datapath:dP|LUT:lut|datat[11] ; WrapperDataPath:data_path|exponential:ex|datapath:dP|counter:count|out[3] ; yes                    ;
; WrapperDataPath:data_path|exponential:ex|datapath:dP|LUT:lut|datat[12] ; WrapperDataPath:data_path|exponential:ex|datapath:dP|counter:count|out[3] ; yes                    ;
; WrapperDataPath:data_path|exponential:ex|datapath:dP|LUT:lut|datat[13] ; WrapperDataPath:data_path|exponential:ex|datapath:dP|counter:count|out[3] ; yes                    ;
; WrapperDataPath:data_path|exponential:ex|datapath:dP|LUT:lut|datat[14] ; WrapperDataPath:data_path|exponential:ex|datapath:dP|counter:count|out[3] ; yes                    ;
; WrapperDataPath:data_path|exponential:ex|datapath:dP|LUT:lut|datat[15] ; WrapperDataPath:data_path|exponential:ex|datapath:dP|counter:count|out[3] ; yes                    ;
; Number of user-specified and inferred latches = 16                     ;                                                                           ;                        ;
+------------------------------------------------------------------------+---------------------------------------------------------------------------+------------------------+
Note: All latches listed above may not be present at the end of synthesis due to various synthesis optimizations.


+-----------------------------------------------------------------------------------------------------------------------------------------------------------------------------------------------------------------------------+
; Registers Removed During Synthesis                                                                                                                                                                                          ;
+-------------------------------------------------------------------------------------------------------------------------------------------------------------------------------+---------------------------------------------+
; Register name                                                                                                                                                                 ; Reason for Removal                          ;
+-------------------------------------------------------------------------------------------------------------------------------------------------------------------------------+---------------------------------------------+
; WrapperDataPath:data_path|FIFO:fifo|scfifo:scfifo_component|scfifo_9k31:auto_generated|a_dpfifo_gq31:dpfifo|cntr_tnb:wr_ptr|counter_reg_bit[0,1]                              ; Stuck at GND due to stuck port clock_enable ;
; WrapperDataPath:data_path|FIFO:fifo|scfifo:scfifo_component|scfifo_9k31:auto_generated|a_dpfifo_gq31:dpfifo|a_fefifo_h4f:fifo_state|b_full                                    ; Stuck at GND due to stuck port data_in      ;
; WrapperDataPath:data_path|FIFO:fifo|scfifo:scfifo_component|scfifo_9k31:auto_generated|a_dpfifo_gq31:dpfifo|a_fefifo_h4f:fifo_state|b_non_empty                               ; Stuck at GND due to stuck port data_in      ;
; WrapperDataPath:data_path|FIFO:fifo|scfifo:scfifo_component|scfifo_9k31:auto_generated|a_dpfifo_gq31:dpfifo|cntr_tnb:rd_ptr_count|counter_reg_bit[0,1]                        ; Stuck at GND due to stuck port clock_enable ;
; WrapperDataPath:data_path|FIFO:fifo|scfifo:scfifo_component|scfifo_9k31:auto_generated|a_dpfifo_gq31:dpfifo|a_fefifo_h4f:fifo_state|cntr_9o7:count_usedw|counter_reg_bit[0,1] ; Stuck at GND due to stuck port clock_enable ;
; WrapperDataPath:data_path|exponential:ex|controller:control|ps~4                                                                                                              ; Lost fanout                                 ;
; WrapperDataPath:data_path|exponential:ex|controller:control|ps~5                                                                                                              ; Lost fanout                                 ;
; WrapperDataPath:data_path|exponential:ex|controller:control|ps~6                                                                                                              ; Lost fanout                                 ;
; WrapperController:controller|ps~4                                                                                                                                             ; Lost fanout                                 ;
; WrapperController:controller|ps~5                                                                                                                                             ; Lost fanout                                 ;
; WrapperController:controller|ps~6                                                                                                                                             ; Lost fanout                                 ;
; WrapperController:controller|ps~7                                                                                                                                             ; Lost fanout                                 ;
; Total Number of Removed Registers = 15                                                                                                                                        ;                                             ;
+-------------------------------------------------------------------------------------------------------------------------------------------------------------------------------+---------------------------------------------+


+-------------------------------------------------------------------------------------------------------------------------------------------------------------------------------------------------------------------------------------------------------------------------------------------------------------------------------------------------------+
; Removed Registers Triggering Further Register Optimizations                                                                                                                                                                                                                                                                                           ;
+--------------------------------------------------------------------------------------------------------------------------------------------+---------------------------+------------------------------------------------------------------------------------------------------------------------------------------------------------------------------+
; Register name                                                                                                                              ; Reason for Removal        ; Registers Removed due to This Register                                                                                                                                       ;
+--------------------------------------------------------------------------------------------------------------------------------------------+---------------------------+------------------------------------------------------------------------------------------------------------------------------------------------------------------------------+
; WrapperDataPath:data_path|FIFO:fifo|scfifo:scfifo_component|scfifo_9k31:auto_generated|a_dpfifo_gq31:dpfifo|a_fefifo_h4f:fifo_state|b_full ; Stuck at GND              ; WrapperDataPath:data_path|FIFO:fifo|scfifo:scfifo_component|scfifo_9k31:auto_generated|a_dpfifo_gq31:dpfifo|a_fefifo_h4f:fifo_state|b_non_empty,                             ;
;                                                                                                                                            ; due to stuck port data_in ; WrapperDataPath:data_path|FIFO:fifo|scfifo:scfifo_component|scfifo_9k31:auto_generated|a_dpfifo_gq31:dpfifo|cntr_tnb:rd_ptr_count|counter_reg_bit[1],                        ;
;                                                                                                                                            ;                           ; WrapperDataPath:data_path|FIFO:fifo|scfifo:scfifo_component|scfifo_9k31:auto_generated|a_dpfifo_gq31:dpfifo|cntr_tnb:rd_ptr_count|counter_reg_bit[0],                        ;
;                                                                                                                                            ;                           ; WrapperDataPath:data_path|FIFO:fifo|scfifo:scfifo_component|scfifo_9k31:auto_generated|a_dpfifo_gq31:dpfifo|a_fefifo_h4f:fifo_state|cntr_9o7:count_usedw|counter_reg_bit[1], ;
;                                                                                                                                            ;                           ; WrapperDataPath:data_path|FIFO:fifo|scfifo:scfifo_component|scfifo_9k31:auto_generated|a_dpfifo_gq31:dpfifo|a_fefifo_h4f:fifo_state|cntr_9o7:count_usedw|counter_reg_bit[0]  ;
+--------------------------------------------------------------------------------------------------------------------------------------------+---------------------------+------------------------------------------------------------------------------------------------------------------------------------------------------------------------------+


+------------------------------------------------------+
; General Register Statistics                          ;
+----------------------------------------------+-------+
; Statistic                                    ; Value ;
+----------------------------------------------+-------+
; Total registers                              ; 92    ;
; Number of registers using Synchronous Clear  ; 2     ;
; Number of registers using Synchronous Load   ; 19    ;
; Number of registers using Asynchronous Clear ; 92    ;
; Number of registers using Asynchronous Load  ; 0     ;
; Number of registers using Clock Enable       ; 71    ;
; Number of registers using Preset             ; 0     ;
+----------------------------------------------+-------+


+------------------------------------------------------------------------------------------------------------------------------------------------------------------------------------------------------+
; Multiplexer Restructuring Statistics (Restructuring Performed)                                                                                                                                       ;
+--------------------+-----------+---------------+----------------------+------------------------+------------+----------------------------------------------------------------------------------------+
; Multiplexer Inputs ; Bus Width ; Baseline Area ; Area if Restructured ; Saving if Restructured ; Registered ; Example Multiplexer Output                                                             ;
+--------------------+-----------+---------------+----------------------+------------------------+------------+----------------------------------------------------------------------------------------+
; 3:1                ; 16 bits   ; 32 LEs        ; 16 LEs               ; 16 LEs                 ; Yes        ; |Wrapper|WrapperDataPath:data_path|exponential:ex|datapath:dP|register:regx|r_out[13]  ;
; 3:1                ; 4 bits    ; 8 LEs         ; 4 LEs                ; 4 LEs                  ; Yes        ; |Wrapper|WrapperDataPath:data_path|exponential:ex|datapath:dP|counter:count|out[3]     ;
; 3:1                ; 18 bits   ; 36 LEs        ; 18 LEs               ; 18 LEs                 ; Yes        ; |Wrapper|WrapperDataPath:data_path|exponential:ex|datapath:dP|register18:rres|r_out[1] ;
; 3:1                ; 15 bits   ; 30 LEs        ; 15 LEs               ; 15 LEs                 ; Yes        ; |Wrapper|WrapperDataPath:data_path|ShiftReg:shift_reg|out[11]                          ;
; 4:1                ; 16 bits   ; 32 LEs        ; 32 LEs               ; 0 LEs                  ; Yes        ; |Wrapper|WrapperDataPath:data_path|exponential:ex|datapath:dP|register:rtemp|r_out[8]  ;
+--------------------+-----------+---------------+----------------------+------------------------+------------+----------------------------------------------------------------------------------------+


+------------------------------------------------------------------------------------------------------------------------------------------------------------+
; Source assignments for WrapperDataPath:data_path|FIFO:fifo|scfifo:scfifo_component|scfifo_9k31:auto_generated|a_dpfifo_gq31:dpfifo|altsyncram_kgm1:FIFOram ;
+---------------------------------+--------------------+------+----------------------------------------------------------------------------------------------+
; Assignment                      ; Value              ; From ; To                                                                                           ;
+---------------------------------+--------------------+------+----------------------------------------------------------------------------------------------+
; OPTIMIZE_POWER_DURING_SYNTHESIS ; NORMAL_COMPILATION ; -    ; -                                                                                            ;
+---------------------------------+--------------------+------+----------------------------------------------------------------------------------------------+


+----------------------------------------------------------------------------------------------------------+
; Parameter Settings for User Entity Instance: WrapperDataPath:data_path|exponential:ex|controller:control ;
+----------------+-------+---------------------------------------------------------------------------------+
; Parameter Name ; Value ; Type                                                                            ;
+----------------+-------+---------------------------------------------------------------------------------+
; Idle           ; 000   ; Unsigned Binary                                                                 ;
; Initialization ; 001   ; Unsigned Binary                                                                 ;
; Begin          ; 010   ; Unsigned Binary                                                                 ;
; Mult1          ; 011   ; Unsigned Binary                                                                 ;
; Mult2          ; 100   ; Unsigned Binary                                                                 ;
; Add            ; 101   ; Unsigned Binary                                                                 ;
+----------------+-------+---------------------------------------------------------------------------------+
Note: In order to hide this table in the UI and the text report file, please set the "Show Parameter Settings in Synthesis Report" option in "Analysis and Synthesis Settings -> More Settings" to "Off".


+----------------------------------------------------------------------------------------------------------+
; Parameter Settings for User Entity Instance: WrapperDataPath:data_path|FIFO:fifo|scfifo:scfifo_component ;
+-------------------------+--------------+-----------------------------------------------------------------+
; Parameter Name          ; Value        ; Type                                                            ;
+-------------------------+--------------+-----------------------------------------------------------------+
; AUTO_CARRY_CHAINS       ; ON           ; AUTO_CARRY                                                      ;
; IGNORE_CARRY_BUFFERS    ; OFF          ; IGNORE_CARRY                                                    ;
; AUTO_CASCADE_CHAINS     ; ON           ; AUTO_CASCADE                                                    ;
; IGNORE_CASCADE_BUFFERS  ; OFF          ; IGNORE_CASCADE                                                  ;
; lpm_width               ; 21           ; Signed Integer                                                  ;
; LPM_NUMWORDS            ; 4            ; Signed Integer                                                  ;
; LPM_WIDTHU              ; 2            ; Signed Integer                                                  ;
; LPM_SHOWAHEAD           ; OFF          ; Untyped                                                         ;
; UNDERFLOW_CHECKING      ; ON           ; Untyped                                                         ;
; OVERFLOW_CHECKING       ; ON           ; Untyped                                                         ;
; ALLOW_RWCYCLE_WHEN_FULL ; OFF          ; Untyped                                                         ;
; ADD_RAM_OUTPUT_REGISTER ; OFF          ; Untyped                                                         ;
; ALMOST_FULL_VALUE       ; 0            ; Untyped                                                         ;
; ALMOST_EMPTY_VALUE      ; 0            ; Untyped                                                         ;
; ENABLE_ECC              ; FALSE        ; Untyped                                                         ;
; USE_EAB                 ; ON           ; Untyped                                                         ;
; MAXIMIZE_SPEED          ; 5            ; Untyped                                                         ;
; DEVICE_FAMILY           ; Cyclone IV E ; Untyped                                                         ;
; OPTIMIZE_FOR_SPEED      ; 5            ; Untyped                                                         ;
; CBXI_PARAMETER          ; scfifo_9k31  ; Untyped                                                         ;
+-------------------------+--------------+-----------------------------------------------------------------+
Note: In order to hide this table in the UI and the text report file, please set the "Show Parameter Settings in Synthesis Report" option in "Analysis and Synthesis Settings -> More Settings" to "Off".


+--------------------------------------------------------------------------------------------------------------------------------------+
; Parameter Settings for Inferred Entity Instance: WrapperDataPath:data_path|exponential:ex|datapath:dP|multiplier:mult|lpm_mult:Mult0 ;
+------------------------------------------------+--------------+----------------------------------------------------------------------+
; Parameter Name                                 ; Value        ; Type                                                                 ;
+------------------------------------------------+--------------+----------------------------------------------------------------------+
; AUTO_CARRY_CHAINS                              ; ON           ; AUTO_CARRY                                                           ;
; IGNORE_CARRY_BUFFERS                           ; OFF          ; IGNORE_CARRY                                                         ;
; AUTO_CASCADE_CHAINS                            ; ON           ; AUTO_CASCADE                                                         ;
; IGNORE_CASCADE_BUFFERS                         ; OFF          ; IGNORE_CASCADE                                                       ;
; LPM_WIDTHA                                     ; 16           ; Untyped                                                              ;
; LPM_WIDTHB                                     ; 16           ; Untyped                                                              ;
; LPM_WIDTHP                                     ; 32           ; Untyped                                                              ;
; LPM_WIDTHR                                     ; 32           ; Untyped                                                              ;
; LPM_WIDTHS                                     ; 1            ; Untyped                                                              ;
; LPM_REPRESENTATION                             ; UNSIGNED     ; Untyped                                                              ;
; LPM_PIPELINE                                   ; 0            ; Untyped                                                              ;
; LATENCY                                        ; 0            ; Untyped                                                              ;
; INPUT_A_IS_CONSTANT                            ; NO           ; Untyped                                                              ;
; INPUT_B_IS_CONSTANT                            ; NO           ; Untyped                                                              ;
; USE_EAB                                        ; OFF          ; Untyped                                                              ;
; MAXIMIZE_SPEED                                 ; 6            ; Untyped                                                              ;
; DEVICE_FAMILY                                  ; Cyclone IV E ; Untyped                                                              ;
; CARRY_CHAIN                                    ; MANUAL       ; Untyped                                                              ;
; APEX20K_TECHNOLOGY_MAPPER                      ; LUT          ; TECH_MAPPER_APEX20K                                                  ;
; DEDICATED_MULTIPLIER_CIRCUITRY                 ; AUTO         ; Untyped                                                              ;
; DEDICATED_MULTIPLIER_MIN_INPUT_WIDTH_FOR_AUTO  ; 0            ; Untyped                                                              ;
; DEDICATED_MULTIPLIER_MIN_OUTPUT_WIDTH_FOR_AUTO ; 0            ; Untyped                                                              ;
; CBXI_PARAMETER                                 ; mult_7dt     ; Untyped                                                              ;
; INPUT_A_FIXED_VALUE                            ; Bx           ; Untyped                                                              ;
; INPUT_B_FIXED_VALUE                            ; Bx           ; Untyped                                                              ;
; USE_AHDL_IMPLEMENTATION                        ; OFF          ; Untyped                                                              ;
+------------------------------------------------+--------------+----------------------------------------------------------------------+
Note: In order to hide this table in the UI and the text report file, please set the "Show Parameter Settings in Synthesis Report" option in "Analysis and Synthesis Settings -> More Settings" to "Off".


+------------------------------------------------------------------------------------------+
; scfifo Parameter Settings by Entity Instance                                             ;
+----------------------------+-------------------------------------------------------------+
; Name                       ; Value                                                       ;
+----------------------------+-------------------------------------------------------------+
; Number of entity instances ; 1                                                           ;
; Entity Instance            ; WrapperDataPath:data_path|FIFO:fifo|scfifo:scfifo_component ;
;     -- FIFO Type           ; Single Clock                                                ;
;     -- lpm_width           ; 21                                                          ;
;     -- LPM_NUMWORDS        ; 4                                                           ;
;     -- LPM_SHOWAHEAD       ; OFF                                                         ;
;     -- USE_EAB             ; ON                                                          ;
+----------------------------+-------------------------------------------------------------+


+-----------------------------------------------------------------------------------------------------------------------------+
; lpm_mult Parameter Settings by Entity Instance                                                                              ;
+---------------------------------------+-------------------------------------------------------------------------------------+
; Name                                  ; Value                                                                               ;
+---------------------------------------+-------------------------------------------------------------------------------------+
; Number of entity instances            ; 1                                                                                   ;
; Entity Instance                       ; WrapperDataPath:data_path|exponential:ex|datapath:dP|multiplier:mult|lpm_mult:Mult0 ;
;     -- LPM_WIDTHA                     ; 16                                                                                  ;
;     -- LPM_WIDTHB                     ; 16                                                                                  ;
;     -- LPM_WIDTHP                     ; 32                                                                                  ;
;     -- LPM_REPRESENTATION             ; UNSIGNED                                                                            ;
;     -- INPUT_A_IS_CONSTANT            ; NO                                                                                  ;
;     -- INPUT_B_IS_CONSTANT            ; NO                                                                                  ;
;     -- USE_EAB                        ; OFF                                                                                 ;
;     -- DEDICATED_MULTIPLIER_CIRCUITRY ; AUTO                                                                                ;
;     -- INPUT_A_FIXED_VALUE            ; Bx                                                                                  ;
;     -- INPUT_B_FIXED_VALUE            ; Bx                                                                                  ;
+---------------------------------------+-------------------------------------------------------------------------------------+


+--------------------------------------------------------------------------------------------+
; Port Connectivity Checks: "WrapperDataPath:data_path|exponential:ex|datapath:dP|adder:add" ;
+-----------+-------+----------+-------------------------------------------------------------+
; Port      ; Type  ; Severity ; Details                                                     ;
+-----------+-------+----------+-------------------------------------------------------------+
; b[17..16] ; Input ; Info     ; Stuck at GND                                                ;
+-----------+-------+----------+-------------------------------------------------------------+


+------------------------------------------------------------------------------------------------+
; Port Connectivity Checks: "WrapperDataPath:data_path|exponential:ex|datapath:dP|counter:count" ;
+------+-------+----------+----------------------------------------------------------------------+
; Port ; Type  ; Severity ; Details                                                              ;
+------+-------+----------+----------------------------------------------------------------------+
; in   ; Input ; Info     ; Stuck at GND                                                         ;
+------+-------+----------+----------------------------------------------------------------------+


+-----------------------------------------------------+
; Post-Synthesis Netlist Statistics for Top Partition ;
+-----------------------+-----------------------------+
; Type                  ; Count                       ;
+-----------------------+-----------------------------+
; boundary_port         ; 48                          ;
; cycloneiii_ff         ; 92                          ;
;     CLR               ; 20                          ;
;     CLR SLD           ; 1                           ;
;     ENA CLR           ; 51                          ;
;     ENA CLR SCLR      ; 2                           ;
;     ENA CLR SLD       ; 18                          ;
; cycloneiii_lcell_comb ; 169                         ;
;     arith             ; 17                          ;
;         2 data inputs ; 1                           ;
;         3 data inputs ; 16                          ;
;     normal            ; 152                         ;
;         0 data inputs ; 2                           ;
;         1 data inputs ; 2                           ;
;         2 data inputs ; 30                          ;
;         3 data inputs ; 109                         ;
;         4 data inputs ; 9                           ;
; cycloneiii_mac_mult   ; 1                           ;
; cycloneiii_mac_out    ; 1                           ;
; cycloneiii_ram_block  ; 21                          ;
;                       ;                             ;
; Max LUT depth         ; 2.70                        ;
; Average LUT depth     ; 1.24                        ;
+-----------------------+-----------------------------+


+-------------------------------+
; Elapsed Time Per Partition    ;
+----------------+--------------+
; Partition Name ; Elapsed Time ;
+----------------+--------------+
; Top            ; 00:00:01     ;
+----------------+--------------+


+-------------------------------+
; Analysis & Synthesis Messages ;
+-------------------------------+
Info: *******************************************************************
Info: Running Quartus Prime Analysis & Synthesis
    Info: Version 20.1.0 Build 711 06/05/2020 SJ Lite Edition
    Info: Processing started: Sat Jun 19 05:35:11 2021
Info: Command: quartus_map --read_settings_files=on --write_settings_files=off Wrapper -c Wrapper
Warning (18236): Number of processors has not been specified which may cause overloading on shared machines.  Set the global assignment NUM_PARALLEL_PROCESSORS in your QSF to an appropriate value for best performance.
Info (20030): Parallel compilation is enabled and will use 2 of the 2 processors detected
Info (12021): Found 1 design units, including 1 entities, in source file /files/university/term 4/dld lab/projects/project4/exp_accelerator/register18.v
    Info (12023): Found entity 1: register18 File: D:/Files/University/Term 4/DLD Lab/Projects/Project4/Exp_Accelerator/register18.v Line: 2
Info (12021): Found 1 design units, including 1 entities, in source file /files/university/term 4/dld lab/projects/project4/exp_accelerator/register.v
    Info (12023): Found entity 1: register File: D:/Files/University/Term 4/DLD Lab/Projects/Project4/Exp_Accelerator/register.v Line: 2
Info (12021): Found 1 design units, including 1 entities, in source file /files/university/term 4/dld lab/projects/project4/exp_accelerator/mux2to1.v
    Info (12023): Found entity 1: mux2to1 File: D:/Files/University/Term 4/DLD Lab/Projects/Project4/Exp_Accelerator/mux2to1.v Line: 2
Info (12021): Found 1 design units, including 1 entities, in source file /files/university/term 4/dld lab/projects/project4/exp_accelerator/multiplier.v
    Info (12023): Found entity 1: multiplier File: D:/Files/University/Term 4/DLD Lab/Projects/Project4/Exp_Accelerator/multiplier.v Line: 2
Info (12021): Found 1 design units, including 1 entities, in source file /files/university/term 4/dld lab/projects/project4/exp_accelerator/lutexp.v
    Info (12023): Found entity 1: LUT File: D:/Files/University/Term 4/DLD Lab/Projects/Project4/Exp_Accelerator/LUTExp.v Line: 1
Info (12021): Found 1 design units, including 1 entities, in source file /files/university/term 4/dld lab/projects/project4/exp_accelerator/exponential.v
    Info (12023): Found entity 1: exponential File: D:/Files/University/Term 4/DLD Lab/Projects/Project4/Exp_Accelerator/exponential.v Line: 1
Info (12021): Found 1 design units, including 1 entities, in source file /files/university/term 4/dld lab/projects/project4/exp_accelerator/datapath.v
    Info (12023): Found entity 1: datapath File: D:/Files/University/Term 4/DLD Lab/Projects/Project4/Exp_Accelerator/Datapath.v Line: 1
Info (12021): Found 1 design units, including 1 entities, in source file /files/university/term 4/dld lab/projects/project4/exp_accelerator/counter.v
    Info (12023): Found entity 1: counter File: D:/Files/University/Term 4/DLD Lab/Projects/Project4/Exp_Accelerator/Counter.v Line: 2
Info (12021): Found 1 design units, including 1 entities, in source file /files/university/term 4/dld lab/projects/project4/exp_accelerator/controller.v
    Info (12023): Found entity 1: controller File: D:/Files/University/Term 4/DLD Lab/Projects/Project4/Exp_Accelerator/Controller.v Line: 1
Info (12021): Found 1 design units, including 1 entities, in source file /files/university/term 4/dld lab/projects/project4/exp_accelerator/adder.v
    Info (12023): Found entity 1: adder File: D:/Files/University/Term 4/DLD Lab/Projects/Project4/Exp_Accelerator/adder.v Line: 1
Info (12021): Found 1 design units, including 1 entities, in source file wrappercontroller.v
    Info (12023): Found entity 1: WrapperController File: D:/Files/University/Term 4/DLD Lab/Projects/Project4/Quartus/Wrapper/WrapperController.v Line: 1
Info (12021): Found 1 design units, including 1 entities, in source file fifo.v
    Info (12023): Found entity 1: FIFO File: D:/Files/University/Term 4/DLD Lab/Projects/Project4/Quartus/Wrapper/FIFO.v Line: 40
Info (12021): Found 4 design units, including 4 entities, in source file wrapperdatapath.v
    Info (12023): Found entity 1: WrapperDataPath File: D:/Files/University/Term 4/DLD Lab/Projects/Project4/Quartus/Wrapper/WrapperDataPath.v Line: 1
    Info (12023): Found entity 2: ShiftReg File: D:/Files/University/Term 4/DLD Lab/Projects/Project4/Quartus/Wrapper/WrapperDataPath.v Line: 16
    Info (12023): Found entity 3: Register File: D:/Files/University/Term 4/DLD Lab/Projects/Project4/Quartus/Wrapper/WrapperDataPath.v Line: 31
    Info (12023): Found entity 4: Shifter File: D:/Files/University/Term 4/DLD Lab/Projects/Project4/Quartus/Wrapper/WrapperDataPath.v Line: 41
Info (12021): Found 1 design units, including 1 entities, in source file wrapper.v
    Info (12023): Found entity 1: Wrapper File: D:/Files/University/Term 4/DLD Lab/Projects/Project4/Quartus/Wrapper/Wrapper.v Line: 1
Warning (10236): Verilog HDL Implicit Net warning at WrapperDataPath.v(13): created implicit net for "wrreq" File: D:/Files/University/Term 4/DLD Lab/Projects/Project4/Quartus/Wrapper/WrapperDataPath.v Line: 13
Info (12127): Elaborating entity "Wrapper" for the top level hierarchy
Info (12128): Elaborating entity "WrapperController" for hierarchy "WrapperController:controller" File: D:/Files/University/Term 4/DLD Lab/Projects/Project4/Quartus/Wrapper/Wrapper.v Line: 4
Warning (10235): Verilog HDL Always Construct warning at WrapperController.v(6): variable "ps" is read inside the Always Construct but isn't in the Always Construct's Event Control File: D:/Files/University/Term 4/DLD Lab/Projects/Project4/Quartus/Wrapper/WrapperController.v Line: 6
Info (12128): Elaborating entity "WrapperDataPath" for hierarchy "WrapperDataPath:data_path" File: D:/Files/University/Term 4/DLD Lab/Projects/Project4/Quartus/Wrapper/Wrapper.v Line: 5
Info (12128): Elaborating entity "ShiftReg" for hierarchy "WrapperDataPath:data_path|ShiftReg:shift_reg" File: D:/Files/University/Term 4/DLD Lab/Projects/Project4/Quartus/Wrapper/WrapperDataPath.v Line: 9
Info (12128): Elaborating entity "Register" for hierarchy "WrapperDataPath:data_path|Register:register" File: D:/Files/University/Term 4/DLD Lab/Projects/Project4/Quartus/Wrapper/WrapperDataPath.v Line: 10
Info (12128): Elaborating entity "Shifter" for hierarchy "WrapperDataPath:data_path|Shifter:shifter" File: D:/Files/University/Term 4/DLD Lab/Projects/Project4/Quartus/Wrapper/WrapperDataPath.v Line: 11
Info (12128): Elaborating entity "exponential" for hierarchy "WrapperDataPath:data_path|exponential:ex" File: D:/Files/University/Term 4/DLD Lab/Projects/Project4/Quartus/Wrapper/WrapperDataPath.v Line: 12
Info (12128): Elaborating entity "controller" for hierarchy "WrapperDataPath:data_path|exponential:ex|controller:control" File: D:/Files/University/Term 4/DLD Lab/Projects/Project4/Exp_Accelerator/exponential.v Line: 7
Info (12128): Elaborating entity "datapath" for hierarchy "WrapperDataPath:data_path|exponential:ex|datapath:dP" File: D:/Files/University/Term 4/DLD Lab/Projects/Project4/Exp_Accelerator/exponential.v Line: 10
Info (12128): Elaborating entity "register" for hierarchy "WrapperDataPath:data_path|exponential:ex|datapath:dP|register:regx" File: D:/Files/University/Term 4/DLD Lab/Projects/Project4/Exp_Accelerator/Datapath.v Line: 10
Info (12128): Elaborating entity "counter" for hierarchy "WrapperDataPath:data_path|exponential:ex|datapath:dP|counter:count" File: D:/Files/University/Term 4/DLD Lab/Projects/Project4/Exp_Accelerator/Datapath.v Line: 12
Info (12128): Elaborating entity "LUT" for hierarchy "WrapperDataPath:data_path|exponential:ex|datapath:dP|LUT:lut" File: D:/Files/University/Term 4/DLD Lab/Projects/Project4/Exp_Accelerator/Datapath.v Line: 14
Warning (10270): Verilog HDL Case Statement warning at LUTExp.v(4): incomplete case statement has no default case item File: D:/Files/University/Term 4/DLD Lab/Projects/Project4/Exp_Accelerator/LUTExp.v Line: 4
Warning (10240): Verilog HDL Always Construct warning at LUTExp.v(3): inferring latch(es) for variable "datat", which holds its previous value in one or more paths through the always construct File: D:/Files/University/Term 4/DLD Lab/Projects/Project4/Exp_Accelerator/LUTExp.v Line: 3
Info (10041): Inferred latch for "datat[0]" at LUTExp.v(3) File: D:/Files/University/Term 4/DLD Lab/Projects/Project4/Exp_Accelerator/LUTExp.v Line: 3
Info (10041): Inferred latch for "datat[1]" at LUTExp.v(3) File: D:/Files/University/Term 4/DLD Lab/Projects/Project4/Exp_Accelerator/LUTExp.v Line: 3
Info (10041): Inferred latch for "datat[2]" at LUTExp.v(3) File: D:/Files/University/Term 4/DLD Lab/Projects/Project4/Exp_Accelerator/LUTExp.v Line: 3
Info (10041): Inferred latch for "datat[3]" at LUTExp.v(3) File: D:/Files/University/Term 4/DLD Lab/Projects/Project4/Exp_Accelerator/LUTExp.v Line: 3
Info (10041): Inferred latch for "datat[4]" at LUTExp.v(3) File: D:/Files/University/Term 4/DLD Lab/Projects/Project4/Exp_Accelerator/LUTExp.v Line: 3
Info (10041): Inferred latch for "datat[5]" at LUTExp.v(3) File: D:/Files/University/Term 4/DLD Lab/Projects/Project4/Exp_Accelerator/LUTExp.v Line: 3
Info (10041): Inferred latch for "datat[6]" at LUTExp.v(3) File: D:/Files/University/Term 4/DLD Lab/Projects/Project4/Exp_Accelerator/LUTExp.v Line: 3
Info (10041): Inferred latch for "datat[7]" at LUTExp.v(3) File: D:/Files/University/Term 4/DLD Lab/Projects/Project4/Exp_Accelerator/LUTExp.v Line: 3
Info (10041): Inferred latch for "datat[8]" at LUTExp.v(3) File: D:/Files/University/Term 4/DLD Lab/Projects/Project4/Exp_Accelerator/LUTExp.v Line: 3
Info (10041): Inferred latch for "datat[9]" at LUTExp.v(3) File: D:/Files/University/Term 4/DLD Lab/Projects/Project4/Exp_Accelerator/LUTExp.v Line: 3
Info (10041): Inferred latch for "datat[10]" at LUTExp.v(3) File: D:/Files/University/Term 4/DLD Lab/Projects/Project4/Exp_Accelerator/LUTExp.v Line: 3
Info (10041): Inferred latch for "datat[11]" at LUTExp.v(3) File: D:/Files/University/Term 4/DLD Lab/Projects/Project4/Exp_Accelerator/LUTExp.v Line: 3
Info (10041): Inferred latch for "datat[12]" at LUTExp.v(3) File: D:/Files/University/Term 4/DLD Lab/Projects/Project4/Exp_Accelerator/LUTExp.v Line: 3
Info (10041): Inferred latch for "datat[13]" at LUTExp.v(3) File: D:/Files/University/Term 4/DLD Lab/Projects/Project4/Exp_Accelerator/LUTExp.v Line: 3
Info (10041): Inferred latch for "datat[14]" at LUTExp.v(3) File: D:/Files/University/Term 4/DLD Lab/Projects/Project4/Exp_Accelerator/LUTExp.v Line: 3
Info (10041): Inferred latch for "datat[15]" at LUTExp.v(3) File: D:/Files/University/Term 4/DLD Lab/Projects/Project4/Exp_Accelerator/LUTExp.v Line: 3
Info (12128): Elaborating entity "mux2to1" for hierarchy "WrapperDataPath:data_path|exponential:ex|datapath:dP|mux2to1:mux" File: D:/Files/University/Term 4/DLD Lab/Projects/Project4/Exp_Accelerator/Datapath.v Line: 16
Info (12128): Elaborating entity "multiplier" for hierarchy "WrapperDataPath:data_path|exponential:ex|datapath:dP|multiplier:mult" File: D:/Files/University/Term 4/DLD Lab/Projects/Project4/Exp_Accelerator/Datapath.v Line: 18
Info (12128): Elaborating entity "adder" for hierarchy "WrapperDataPath:data_path|exponential:ex|datapath:dP|adder:add" File: D:/Files/University/Term 4/DLD Lab/Projects/Project4/Exp_Accelerator/Datapath.v Line: 21
Info (12128): Elaborating entity "register18" for hierarchy "WrapperDataPath:data_path|exponential:ex|datapath:dP|register18:rres" File: D:/Files/University/Term 4/DLD Lab/Projects/Project4/Exp_Accelerator/Datapath.v Line: 23
Info (12128): Elaborating entity "FIFO" for hierarchy "WrapperDataPath:data_path|FIFO:fifo" File: D:/Files/University/Term 4/DLD Lab/Projects/Project4/Quartus/Wrapper/WrapperDataPath.v Line: 13
Info (12128): Elaborating entity "scfifo" for hierarchy "WrapperDataPath:data_path|FIFO:fifo|scfifo:scfifo_component" File: D:/Files/University/Term 4/DLD Lab/Projects/Project4/Quartus/Wrapper/FIFO.v Line: 81
Info (12130): Elaborated megafunction instantiation "WrapperDataPath:data_path|FIFO:fifo|scfifo:scfifo_component" File: D:/Files/University/Term 4/DLD Lab/Projects/Project4/Quartus/Wrapper/FIFO.v Line: 81
Info (12133): Instantiated megafunction "WrapperDataPath:data_path|FIFO:fifo|scfifo:scfifo_component" with the following parameter: File: D:/Files/University/Term 4/DLD Lab/Projects/Project4/Quartus/Wrapper/FIFO.v Line: 81
    Info (12134): Parameter "add_ram_output_register" = "OFF"
    Info (12134): Parameter "intended_device_family" = "Cyclone IV E"
    Info (12134): Parameter "lpm_numwords" = "4"
    Info (12134): Parameter "lpm_showahead" = "OFF"
    Info (12134): Parameter "lpm_type" = "scfifo"
    Info (12134): Parameter "lpm_width" = "21"
    Info (12134): Parameter "lpm_widthu" = "2"
    Info (12134): Parameter "overflow_checking" = "ON"
    Info (12134): Parameter "underflow_checking" = "ON"
    Info (12134): Parameter "use_eab" = "ON"
Info (12021): Found 1 design units, including 1 entities, in source file db/scfifo_9k31.tdf
    Info (12023): Found entity 1: scfifo_9k31 File: D:/Files/University/Term 4/DLD Lab/Projects/Project4/Quartus/Wrapper/db/scfifo_9k31.tdf Line: 25
Info (12128): Elaborating entity "scfifo_9k31" for hierarchy "WrapperDataPath:data_path|FIFO:fifo|scfifo:scfifo_component|scfifo_9k31:auto_generated" File: c:/intelfpga_lite/20.1/quartus/libraries/megafunctions/scfifo.tdf Line: 300
Info (12021): Found 1 design units, including 1 entities, in source file db/a_dpfifo_gq31.tdf
    Info (12023): Found entity 1: a_dpfifo_gq31 File: D:/Files/University/Term 4/DLD Lab/Projects/Project4/Quartus/Wrapper/db/a_dpfifo_gq31.tdf Line: 29
Info (12128): Elaborating entity "a_dpfifo_gq31" for hierarchy "WrapperDataPath:data_path|FIFO:fifo|scfifo:scfifo_component|scfifo_9k31:auto_generated|a_dpfifo_gq31:dpfifo" File: D:/Files/University/Term 4/DLD Lab/Projects/Project4/Quartus/Wrapper/db/scfifo_9k31.tdf Line: 37
Info (12021): Found 1 design units, including 1 entities, in source file db/a_fefifo_h4f.tdf
    Info (12023): Found entity 1: a_fefifo_h4f File: D:/Files/University/Term 4/DLD Lab/Projects/Project4/Quartus/Wrapper/db/a_fefifo_h4f.tdf Line: 25
Info (12128): Elaborating entity "a_fefifo_h4f" for hierarchy "WrapperDataPath:data_path|FIFO:fifo|scfifo:scfifo_component|scfifo_9k31:auto_generated|a_dpfifo_gq31:dpfifo|a_fefifo_h4f:fifo_state" File: D:/Files/University/Term 4/DLD Lab/Projects/Project4/Quartus/Wrapper/db/a_dpfifo_gq31.tdf Line: 42
Info (12021): Found 1 design units, including 1 entities, in source file db/cntr_9o7.tdf
    Info (12023): Found entity 1: cntr_9o7 File: D:/Files/University/Term 4/DLD Lab/Projects/Project4/Quartus/Wrapper/db/cntr_9o7.tdf Line: 26
Info (12128): Elaborating entity "cntr_9o7" for hierarchy "WrapperDataPath:data_path|FIFO:fifo|scfifo:scfifo_component|scfifo_9k31:auto_generated|a_dpfifo_gq31:dpfifo|a_fefifo_h4f:fifo_state|cntr_9o7:count_usedw" File: D:/Files/University/Term 4/DLD Lab/Projects/Project4/Quartus/Wrapper/db/a_fefifo_h4f.tdf Line: 39
Info (12021): Found 1 design units, including 1 entities, in source file db/altsyncram_kgm1.tdf
    Info (12023): Found entity 1: altsyncram_kgm1 File: D:/Files/University/Term 4/DLD Lab/Projects/Project4/Quartus/Wrapper/db/altsyncram_kgm1.tdf Line: 28
Info (12128): Elaborating entity "altsyncram_kgm1" for hierarchy "WrapperDataPath:data_path|FIFO:fifo|scfifo:scfifo_component|scfifo_9k31:auto_generated|a_dpfifo_gq31:dpfifo|altsyncram_kgm1:FIFOram" File: D:/Files/University/Term 4/DLD Lab/Projects/Project4/Quartus/Wrapper/db/a_dpfifo_gq31.tdf Line: 43
Info (12021): Found 1 design units, including 1 entities, in source file db/cntr_tnb.tdf
    Info (12023): Found entity 1: cntr_tnb File: D:/Files/University/Term 4/DLD Lab/Projects/Project4/Quartus/Wrapper/db/cntr_tnb.tdf Line: 26
Info (12128): Elaborating entity "cntr_tnb" for hierarchy "WrapperDataPath:data_path|FIFO:fifo|scfifo:scfifo_component|scfifo_9k31:auto_generated|a_dpfifo_gq31:dpfifo|cntr_tnb:rd_ptr_count" File: D:/Files/University/Term 4/DLD Lab/Projects/Project4/Quartus/Wrapper/db/a_dpfifo_gq31.tdf Line: 44
Info (278001): Inferred 1 megafunctions from design logic
    Info (278003): Inferred multiplier megafunction ("lpm_mult") from the following logic: "WrapperDataPath:data_path|exponential:ex|datapath:dP|multiplier:mult|Mult0" File: D:/Files/University/Term 4/DLD Lab/Projects/Project4/Exp_Accelerator/multiplier.v Line: 4
Info (12130): Elaborated megafunction instantiation "WrapperDataPath:data_path|exponential:ex|datapath:dP|multiplier:mult|lpm_mult:Mult0" File: D:/Files/University/Term 4/DLD Lab/Projects/Project4/Exp_Accelerator/multiplier.v Line: 4
Info (12133): Instantiated megafunction "WrapperDataPath:data_path|exponential:ex|datapath:dP|multiplier:mult|lpm_mult:Mult0" with the following parameter: File: D:/Files/University/Term 4/DLD Lab/Projects/Project4/Exp_Accelerator/multiplier.v Line: 4
    Info (12134): Parameter "LPM_WIDTHA" = "16"
    Info (12134): Parameter "LPM_WIDTHB" = "16"
    Info (12134): Parameter "LPM_WIDTHP" = "32"
    Info (12134): Parameter "LPM_WIDTHR" = "32"
    Info (12134): Parameter "LPM_WIDTHS" = "1"
    Info (12134): Parameter "LPM_REPRESENTATION" = "UNSIGNED"
    Info (12134): Parameter "INPUT_A_IS_CONSTANT" = "NO"
    Info (12134): Parameter "INPUT_B_IS_CONSTANT" = "NO"
    Info (12134): Parameter "MAXIMIZE_SPEED" = "6"
Info (12021): Found 1 design units, including 1 entities, in source file db/mult_7dt.tdf
    Info (12023): Found entity 1: mult_7dt File: D:/Files/University/Term 4/DLD Lab/Projects/Project4/Quartus/Wrapper/db/mult_7dt.tdf Line: 29
Info (13025): Duplicate LATCH primitives merged into single LATCH primitive
    Info (13026): Duplicate LATCH primitive "WrapperDataPath:data_path|exponential:ex|datapath:dP|LUT:lut|datat[12]" merged with LATCH primitive "WrapperDataPath:data_path|exponential:ex|datapath:dP|LUT:lut|datat[0]" File: D:/Files/University/Term 4/DLD Lab/Projects/Project4/Exp_Accelerator/LUTExp.v Line: 3
    Info (13026): Duplicate LATCH primitive "WrapperDataPath:data_path|exponential:ex|datapath:dP|LUT:lut|datat[8]" merged with LATCH primitive "WrapperDataPath:data_path|exponential:ex|datapath:dP|LUT:lut|datat[0]" File: D:/Files/University/Term 4/DLD Lab/Projects/Project4/Exp_Accelerator/LUTExp.v Line: 3
    Info (13026): Duplicate LATCH primitive "WrapperDataPath:data_path|exponential:ex|datapath:dP|LUT:lut|datat[6]" merged with LATCH primitive "WrapperDataPath:data_path|exponential:ex|datapath:dP|LUT:lut|datat[2]" File: D:/Files/University/Term 4/DLD Lab/Projects/Project4/Exp_Accelerator/LUTExp.v Line: 3
    Info (13026): Duplicate LATCH primitive "WrapperDataPath:data_path|exponential:ex|datapath:dP|LUT:lut|datat[11]" merged with LATCH primitive "WrapperDataPath:data_path|exponential:ex|datapath:dP|LUT:lut|datat[3]" File: D:/Files/University/Term 4/DLD Lab/Projects/Project4/Exp_Accelerator/LUTExp.v Line: 3
    Info (13026): Duplicate LATCH primitive "WrapperDataPath:data_path|exponential:ex|datapath:dP|LUT:lut|datat[9]" merged with LATCH primitive "WrapperDataPath:data_path|exponential:ex|datapath:dP|LUT:lut|datat[5]" File: D:/Files/University/Term 4/DLD Lab/Projects/Project4/Exp_Accelerator/LUTExp.v Line: 3
Warning (13024): Output pins are stuck at VCC or GND
    Warning (13410): Pin "full" is stuck at GND File: D:/Files/University/Term 4/DLD Lab/Projects/Project4/Quartus/Wrapper/Wrapper.v Line: 1
    Warning (13410): Pin "empty" is stuck at VCC File: D:/Files/University/Term 4/DLD Lab/Projects/Project4/Quartus/Wrapper/Wrapper.v Line: 1
    Warning (13410): Pin "usedw[0]" is stuck at GND File: D:/Files/University/Term 4/DLD Lab/Projects/Project4/Quartus/Wrapper/Wrapper.v Line: 1
    Warning (13410): Pin "usedw[1]" is stuck at GND File: D:/Files/University/Term 4/DLD Lab/Projects/Project4/Quartus/Wrapper/Wrapper.v Line: 1
Info (286030): Timing-Driven Synthesis is running
Info (17049): 7 registers lost all their fanouts during netlist optimizations.
Info (17036): Removed 1 MSB VCC or GND address nodes from RAM block "WrapperDataPath:data_path|FIFO:fifo|scfifo:scfifo_component|scfifo_9k31:auto_generated|a_dpfifo_gq31:dpfifo|altsyncram_kgm1:FIFOram|ALTSYNCRAM" File: D:/Files/University/Term 4/DLD Lab/Projects/Project4/Quartus/Wrapper/db/altsyncram_kgm1.tdf Line: 36
Info (16010): Generating hard_block partition "hard_block:auto_generated_inst"
    Info (16011): Adding 0 node(s), including 0 DDIO, 0 PLL, 0 transceiver and 0 LCELL
Warning (21074): Design contains 1 input pin(s) that do not drive logic
    Warning (15610): No output dependent on input pin "rdreq" File: D:/Files/University/Term 4/DLD Lab/Projects/Project4/Quartus/Wrapper/Wrapper.v Line: 1
Info (21057): Implemented 245 device resources after synthesis - the final resource count might be different
    Info (21058): Implemented 22 input pins
    Info (21059): Implemented 26 output pins
    Info (21061): Implemented 174 logic cells
    Info (21064): Implemented 21 RAM segments
    Info (21062): Implemented 2 DSP elements
Info: Quartus Prime Analysis & Synthesis was successful. 0 errors, 12 warnings
    Info: Peak virtual memory: 4767 megabytes
    Info: Processing ended: Sat Jun 19 05:35:30 2021
    Info: Elapsed time: 00:00:19
    Info: Total CPU time (on all processors): 00:00:33


