Analysis & Synthesis report for FrequencyRegulator
Mon May 03 21:57:37 2021
Quartus Prime Version 20.1.0 Build 711 06/05/2020 SJ Lite Edition


---------------------
; Table of Contents ;
---------------------
  1. Legal Notice
  2. Analysis & Synthesis Summary
  3. Analysis & Synthesis Settings
  4. Parallel Compilation
  5. Analysis & Synthesis Source Files Read
  6. Analysis & Synthesis Resource Usage Summary
  7. Analysis & Synthesis Resource Utilization by Entity
  8. General Register Statistics
  9. Inverted Register Statistics
 10. Multiplexer Restructuring Statistics (Restructuring Performed)
 11. Post-Synthesis Netlist Statistics for Top Partition
 12. Elapsed Time Per Partition
 13. Analysis & Synthesis Messages
 14. Analysis & Synthesis Suppressed Messages



----------------
; Legal Notice ;
----------------
Copyright (C) 2020  Intel Corporation. All rights reserved.
Your use of Intel Corporation's design tools, logic functions 
and other software and tools, and any partner logic 
functions, and any output files from any of the foregoing 
(including device programming or simulation files), and any 
associated documentation or information are expressly subject 
to the terms and conditions of the Intel Program License 
Subscription Agreement, the Intel Quartus Prime License Agreement,
the Intel FPGA IP License Agreement, or other applicable license
agreement, including, without limitation, that your use is for
the sole purpose of programming logic devices manufactured by
Intel and sold by Intel or its authorized distributors.  Please
refer to the applicable agreement for further details, at
https://fpgasoftware.intel.com/eula.



+----------------------------------------------------------------------------------+
; Analysis & Synthesis Summary                                                     ;
+------------------------------------+---------------------------------------------+
; Analysis & Synthesis Status        ; Successful - Mon May 03 21:57:37 2021       ;
; Quartus Prime Version              ; 20.1.0 Build 711 06/05/2020 SJ Lite Edition ;
; Revision Name                      ; FrequencyRegulator                          ;
; Top-level Entity Name              ; FrequencyRegulatorAndDivider                ;
; Family                             ; Cyclone IV E                                ;
; Total logic elements               ; 89                                          ;
;     Total combinational functions  ; 88                                          ;
;     Dedicated logic registers      ; 27                                          ;
; Total registers                    ; 27                                          ;
; Total pins                         ; 30                                          ;
; Total virtual pins                 ; 0                                           ;
; Total memory bits                  ; 0                                           ;
; Embedded Multiplier 9-bit elements ; 0                                           ;
; Total PLLs                         ; 0                                           ;
+------------------------------------+---------------------------------------------+


+----------------------------------------------------------------------------------------------------------------------+
; Analysis & Synthesis Settings                                                                                        ;
+------------------------------------------------------------------+------------------------------+--------------------+
; Option                                                           ; Setting                      ; Default Value      ;
+------------------------------------------------------------------+------------------------------+--------------------+
; Device                                                           ; EP4CE6E22A7                  ;                    ;
; Top-level entity name                                            ; FrequencyRegulatorAndDivider ; FrequencyRegulator ;
; Family name                                                      ; Cyclone IV E                 ; Cyclone V          ;
; Use smart compilation                                            ; Off                          ; Off                ;
; Enable parallel Assembler and Timing Analyzer during compilation ; On                           ; On                 ;
; Enable compact report table                                      ; Off                          ; Off                ;
; Restructure Multiplexers                                         ; Auto                         ; Auto               ;
; Create Debugging Nodes for IP Cores                              ; Off                          ; Off                ;
; Preserve fewer node names                                        ; On                           ; On                 ;
; Intel FPGA IP Evaluation Mode                                    ; Enable                       ; Enable             ;
; Verilog Version                                                  ; Verilog_2001                 ; Verilog_2001       ;
; VHDL Version                                                     ; VHDL_1993                    ; VHDL_1993          ;
; State Machine Processing                                         ; Auto                         ; Auto               ;
; Safe State Machine                                               ; Off                          ; Off                ;
; Extract Verilog State Machines                                   ; On                           ; On                 ;
; Extract VHDL State Machines                                      ; On                           ; On                 ;
; Ignore Verilog initial constructs                                ; Off                          ; Off                ;
; Iteration limit for constant Verilog loops                       ; 5000                         ; 5000               ;
; Iteration limit for non-constant Verilog loops                   ; 250                          ; 250                ;
; Add Pass-Through Logic to Inferred RAMs                          ; On                           ; On                 ;
; Infer RAMs from Raw Logic                                        ; On                           ; On                 ;
; Parallel Synthesis                                               ; On                           ; On                 ;
; DSP Block Balancing                                              ; Auto                         ; Auto               ;
; NOT Gate Push-Back                                               ; On                           ; On                 ;
; Power-Up Don't Care                                              ; On                           ; On                 ;
; Remove Redundant Logic Cells                                     ; Off                          ; Off                ;
; Remove Duplicate Registers                                       ; On                           ; On                 ;
; Ignore CARRY Buffers                                             ; Off                          ; Off                ;
; Ignore CASCADE Buffers                                           ; Off                          ; Off                ;
; Ignore GLOBAL Buffers                                            ; Off                          ; Off                ;
; Ignore ROW GLOBAL Buffers                                        ; Off                          ; Off                ;
; Ignore LCELL Buffers                                             ; Off                          ; Off                ;
; Ignore SOFT Buffers                                              ; On                           ; On                 ;
; Limit AHDL Integers to 32 Bits                                   ; Off                          ; Off                ;
; Optimization Technique                                           ; Balanced                     ; Balanced           ;
; Carry Chain Length                                               ; 70                           ; 70                 ;
; Auto Carry Chains                                                ; On                           ; On                 ;
; Auto Open-Drain Pins                                             ; On                           ; On                 ;
; Perform WYSIWYG Primitive Resynthesis                            ; Off                          ; Off                ;
; Auto ROM Replacement                                             ; On                           ; On                 ;
; Auto RAM Replacement                                             ; On                           ; On                 ;
; Auto DSP Block Replacement                                       ; On                           ; On                 ;
; Auto Shift Register Replacement                                  ; Auto                         ; Auto               ;
; Allow Shift Register Merging across Hierarchies                  ; Auto                         ; Auto               ;
; Auto Clock Enable Replacement                                    ; On                           ; On                 ;
; Strict RAM Replacement                                           ; Off                          ; Off                ;
; Allow Synchronous Control Signals                                ; On                           ; On                 ;
; Force Use of Synchronous Clear Signals                           ; Off                          ; Off                ;
; Auto RAM Block Balancing                                         ; On                           ; On                 ;
; Auto RAM to Logic Cell Conversion                                ; Off                          ; Off                ;
; Auto Resource Sharing                                            ; Off                          ; Off                ;
; Allow Any RAM Size For Recognition                               ; Off                          ; Off                ;
; Allow Any ROM Size For Recognition                               ; Off                          ; Off                ;
; Allow Any Shift Register Size For Recognition                    ; Off                          ; Off                ;
; Use LogicLock Constraints during Resource Balancing              ; On                           ; On                 ;
; Ignore translate_off and synthesis_off directives                ; Off                          ; Off                ;
; Timing-Driven Synthesis                                          ; On                           ; On                 ;
; Report Parameter Settings                                        ; On                           ; On                 ;
; Report Source Assignments                                        ; On                           ; On                 ;
; Report Connectivity Checks                                       ; On                           ; On                 ;
; Ignore Maximum Fan-Out Assignments                               ; Off                          ; Off                ;
; Synchronization Register Chain Length                            ; 2                            ; 2                  ;
; Power Optimization During Synthesis                              ; Normal compilation           ; Normal compilation ;
; HDL message level                                                ; Level2                       ; Level2             ;
; Suppress Register Optimization Related Messages                  ; Off                          ; Off                ;
; Number of Removed Registers Reported in Synthesis Report         ; 5000                         ; 5000               ;
; Number of Swept Nodes Reported in Synthesis Report               ; 5000                         ; 5000               ;
; Number of Inverted Registers Reported in Synthesis Report        ; 100                          ; 100                ;
; Clock MUX Protection                                             ; On                           ; On                 ;
; Auto Gated Clock Conversion                                      ; Off                          ; Off                ;
; Block Design Naming                                              ; Auto                         ; Auto               ;
; SDC constraint protection                                        ; Off                          ; Off                ;
; Synthesis Effort                                                 ; Auto                         ; Auto               ;
; Shift Register Replacement - Allow Asynchronous Clear Signal     ; On                           ; On                 ;
; Pre-Mapping Resynthesis Optimization                             ; Off                          ; Off                ;
; Analysis & Synthesis Message Level                               ; Medium                       ; Medium             ;
; Disable Register Merging Across Hierarchies                      ; Auto                         ; Auto               ;
; Resource Aware Inference For Block RAM                           ; On                           ; On                 ;
+------------------------------------------------------------------+------------------------------+--------------------+


+------------------------------------------+
; Parallel Compilation                     ;
+----------------------------+-------------+
; Processors                 ; Number      ;
+----------------------------+-------------+
; Number detected on machine ; 4           ;
; Maximum allowed            ; 2           ;
;                            ;             ;
; Average used               ; 1.00        ;
; Maximum used               ; 2           ;
;                            ;             ;
; Usage by Processor         ; % Time Used ;
;     Processor 1            ; 100.0%      ;
;     Processor 2            ;   0.0%      ;
+----------------------------+-------------+


+-----------------------------------------------------------------------------------------------------------------------------------------------------------------------------------------------------------------------------+
; Analysis & Synthesis Source Files Read                                                                                                                                                                                      ;
+----------------------------------+-----------------+------------------------------------+-------------------------------------------------------------------------------------------------------------------------+---------+
; File Name with User-Entered Path ; Used in Netlist ; File Type                          ; File Name with Absolute Path                                                                                            ; Library ;
+----------------------------------+-----------------+------------------------------------+-------------------------------------------------------------------------------------------------------------------------+---------+
; FrequencyRegulator.v             ; yes             ; User Verilog HDL File              ; D:/Files/University/Term 4/DLD Lab/Projects/Project2/Quartus/1_1_1_Freauency_Regulator/FrequencyRegulator.v             ;         ;
; FrequencyRegulatorAndDivider.bdf ; yes             ; User Block Diagram/Schematic File  ; D:/Files/University/Term 4/DLD Lab/Projects/Project2/Quartus/1_1_1_Freauency_Regulator/FrequencyRegulatorAndDivider.bdf ;         ;
; Divider.v                        ; yes             ; User Verilog HDL File              ; D:/Files/University/Term 4/DLD Lab/Projects/Project2/Quartus/1_1_1_Freauency_Regulator/Divider.v                        ;         ;
+----------------------------------+-----------------+------------------------------------+-------------------------------------------------------------------------------------------------------------------------+---------+


+---------------------------------------------------------+
; Analysis & Synthesis Resource Usage Summary             ;
+---------------------------------------------+-----------+
; Resource                                    ; Usage     ;
+---------------------------------------------+-----------+
; Estimated Total logic elements              ; 89        ;
;                                             ;           ;
; Total combinational functions               ; 88        ;
; Logic element usage by number of LUT inputs ;           ;
;     -- 4 input functions                    ; 26        ;
;     -- 3 input functions                    ; 24        ;
;     -- <=2 input functions                  ; 38        ;
;                                             ;           ;
; Logic elements by mode                      ;           ;
;     -- normal mode                          ; 46        ;
;     -- arithmetic mode                      ; 42        ;
;                                             ;           ;
; Total registers                             ; 27        ;
;     -- Dedicated logic registers            ; 27        ;
;     -- I/O registers                        ; 0         ;
;                                             ;           ;
; I/O pins                                    ; 30        ;
;                                             ;           ;
; Embedded Multiplier 9-bit elements          ; 0         ;
;                                             ;           ;
; Maximum fan-out node                        ; rst~input ;
; Maximum fan-out                             ; 43        ;
; Total fan-out                               ; 400       ;
; Average fan-out                             ; 2.29      ;
+---------------------------------------------+-----------+


+-------------------------------------------------------------------------------------------------------------------------------------------------------------------------------------------------------------------------------------------------------------------+
; Analysis & Synthesis Resource Utilization by Entity                                                                                                                                                                                                               ;
+-------------------------------+---------------------+---------------------------+-------------+--------------+---------+-----------+------+--------------+----------------------------------------------------------+------------------------------+--------------+
; Compilation Hierarchy Node    ; Combinational ALUTs ; Dedicated Logic Registers ; Memory Bits ; DSP Elements ; DSP 9x9 ; DSP 18x18 ; Pins ; Virtual Pins ; Full Hierarchy Name                                      ; Entity Name                  ; Library Name ;
+-------------------------------+---------------------+---------------------------+-------------+--------------+---------+-----------+------+--------------+----------------------------------------------------------+------------------------------+--------------+
; |FrequencyRegulatorAndDivider ; 88 (0)              ; 27 (0)                    ; 0           ; 0            ; 0       ; 0         ; 30   ; 0            ; |FrequencyRegulatorAndDivider                            ; FrequencyRegulatorAndDivider ; work         ;
;    |Divider:inst|             ; 36 (0)              ; 9 (0)                     ; 0           ; 0            ; 0       ; 0         ; 0    ; 0            ; |FrequencyRegulatorAndDivider|Divider:inst               ; Divider                      ; work         ;
;       |MyCounter:cnt|         ; 35 (35)             ; 8 (8)                     ; 0           ; 0            ; 0       ; 0         ; 0    ; 0            ; |FrequencyRegulatorAndDivider|Divider:inst|MyCounter:cnt ; MyCounter                    ; work         ;
;       |TFlipFlop:tff|         ; 1 (1)               ; 1 (1)                     ; 0           ; 0            ; 0       ; 0         ; 0    ; 0            ; |FrequencyRegulatorAndDivider|Divider:inst|TFlipFlop:tff ; TFlipFlop                    ; work         ;
;    |FrequencyRegulator:inst7| ; 52 (52)             ; 18 (18)                   ; 0           ; 0            ; 0       ; 0         ; 0    ; 0            ; |FrequencyRegulatorAndDivider|FrequencyRegulator:inst7   ; FrequencyRegulator           ; work         ;
+-------------------------------+---------------------+---------------------------+-------------+--------------+---------+-----------+------+--------------+----------------------------------------------------------+------------------------------+--------------+
Note: For table entries with two numbers listed, the numbers in parentheses indicate the number of resources of the given type used by the specific entity alone. The numbers listed outside of parentheses indicate the total resources of the given type used by the specific entity and all of its sub-entities in the hierarchy.


+------------------------------------------------------+
; General Register Statistics                          ;
+----------------------------------------------+-------+
; Statistic                                    ; Value ;
+----------------------------------------------+-------+
; Total registers                              ; 27    ;
; Number of registers using Synchronous Clear  ; 8     ;
; Number of registers using Synchronous Load   ; 0     ;
; Number of registers using Asynchronous Clear ; 27    ;
; Number of registers using Asynchronous Load  ; 0     ;
; Number of registers using Clock Enable       ; 15    ;
; Number of registers using Preset             ; 0     ;
+----------------------------------------------+-------+


+--------------------------------------------------+
; Inverted Register Statistics                     ;
+----------------------------------------+---------+
; Inverted Register                      ; Fan out ;
+----------------------------------------+---------+
; FrequencyRegulator:inst7|div[0]        ; 7       ;
; Total number of inverted registers = 1 ;         ;
+----------------------------------------+---------+


+----------------------------------------------------------------------------------------------------------------------------------------------------------------------------------+
; Multiplexer Restructuring Statistics (Restructuring Performed)                                                                                                                   ;
+--------------------+-----------+---------------+----------------------+------------------------+------------+--------------------------------------------------------------------+
; Multiplexer Inputs ; Bus Width ; Baseline Area ; Area if Restructured ; Saving if Restructured ; Registered ; Example Multiplexer Output                                         ;
+--------------------+-----------+---------------+----------------------+------------------------+------------+--------------------------------------------------------------------+
; 4:1                ; 8 bits    ; 16 LEs        ; 8 LEs                ; 8 LEs                  ; Yes        ; |FrequencyRegulatorAndDivider|FrequencyRegulator:inst7|duration[7] ;
; 3:1                ; 7 bits    ; 14 LEs        ; 7 LEs                ; 7 LEs                  ; Yes        ; |FrequencyRegulatorAndDivider|FrequencyRegulator:inst7|div[7]      ;
+--------------------+-----------+---------------+----------------------+------------------------+------------+--------------------------------------------------------------------+


+-----------------------------------------------------+
; Post-Synthesis Netlist Statistics for Top Partition ;
+-----------------------+-----------------------------+
; Type                  ; Count                       ;
+-----------------------+-----------------------------+
; boundary_port         ; 30                          ;
; cycloneiii_ff         ; 27                          ;
;     CLR               ; 12                          ;
;     ENA CLR           ; 7                           ;
;     ENA CLR SCLR      ; 8                           ;
; cycloneiii_lcell_comb ; 95                          ;
;     arith             ; 42                          ;
;         2 data inputs ; 28                          ;
;         3 data inputs ; 14                          ;
;     normal            ; 53                          ;
;         1 data inputs ; 12                          ;
;         2 data inputs ; 5                           ;
;         3 data inputs ; 10                          ;
;         4 data inputs ; 26                          ;
;                       ;                             ;
; Max LUT depth         ; 4.00                        ;
; Average LUT depth     ; 2.93                        ;
+-----------------------+-----------------------------+


+-------------------------------+
; Elapsed Time Per Partition    ;
+----------------+--------------+
; Partition Name ; Elapsed Time ;
+----------------+--------------+
; Top            ; 00:00:00     ;
+----------------+--------------+


+-------------------------------+
; Analysis & Synthesis Messages ;
+-------------------------------+
Info: *******************************************************************
Info: Running Quartus Prime Analysis & Synthesis
    Info: Version 20.1.0 Build 711 06/05/2020 SJ Lite Edition
    Info: Processing started: Mon May 03 21:57:21 2021
Info: Command: quartus_map --read_settings_files=on --write_settings_files=off FrequencyRegulator -c FrequencyRegulator
Warning (18236): Number of processors has not been specified which may cause overloading on shared machines.  Set the global assignment NUM_PARALLEL_PROCESSORS in your QSF to an appropriate value for best performance.
Info (20030): Parallel compilation is enabled and will use 2 of the 2 processors detected
Info (12021): Found 1 design units, including 1 entities, in source file /files/university/term 4/dld lab/projects/project1/quartus/counter/counter.bdf
    Info (12023): Found entity 1: Counter
Info (12021): Found 1 design units, including 1 entities, in source file frequencyregulator.v
    Info (12023): Found entity 1: FrequencyRegulator File: D:/Files/University/Term 4/DLD Lab/Projects/Project2/Quartus/1_1_1_Freauency_Regulator/FrequencyRegulator.v Line: 1
Info (12021): Found 1 design units, including 1 entities, in source file frequencyregulatoranddivider.bdf
    Info (12023): Found entity 1: FrequencyRegulatorAndDivider
Info (12021): Found 3 design units, including 3 entities, in source file divider.v
    Info (12023): Found entity 1: Divider File: D:/Files/University/Term 4/DLD Lab/Projects/Project2/Quartus/1_1_1_Freauency_Regulator/Divider.v Line: 1
    Info (12023): Found entity 2: MyCounter File: D:/Files/University/Term 4/DLD Lab/Projects/Project2/Quartus/1_1_1_Freauency_Regulator/Divider.v Line: 7
    Info (12023): Found entity 3: TFlipFlop File: D:/Files/University/Term 4/DLD Lab/Projects/Project2/Quartus/1_1_1_Freauency_Regulator/Divider.v Line: 22
Info (12127): Elaborating entity "FrequencyRegulatorAndDivider" for the top level hierarchy
Info (12128): Elaborating entity "Divider" for hierarchy "Divider:inst"
Info (12128): Elaborating entity "MyCounter" for hierarchy "Divider:inst|MyCounter:cnt" File: D:/Files/University/Term 4/DLD Lab/Projects/Project2/Quartus/1_1_1_Freauency_Regulator/Divider.v Line: 3
Warning (10230): Verilog HDL assignment warning at Divider.v(16): truncated value with size 32 to match size of target (8) File: D:/Files/University/Term 4/DLD Lab/Projects/Project2/Quartus/1_1_1_Freauency_Regulator/Divider.v Line: 16
Info (12128): Elaborating entity "TFlipFlop" for hierarchy "Divider:inst|TFlipFlop:tff" File: D:/Files/University/Term 4/DLD Lab/Projects/Project2/Quartus/1_1_1_Freauency_Regulator/Divider.v Line: 4
Info (12128): Elaborating entity "FrequencyRegulator" for hierarchy "FrequencyRegulator:inst7"
Warning (10230): Verilog HDL assignment warning at FrequencyRegulator.v(18): truncated value with size 32 to match size of target (8) File: D:/Files/University/Term 4/DLD Lab/Projects/Project2/Quartus/1_1_1_Freauency_Regulator/FrequencyRegulator.v Line: 18
Warning (10230): Verilog HDL assignment warning at FrequencyRegulator.v(43): truncated value with size 32 to match size of target (8) File: D:/Files/University/Term 4/DLD Lab/Projects/Project2/Quartus/1_1_1_Freauency_Regulator/FrequencyRegulator.v Line: 43
Warning (10230): Verilog HDL assignment warning at FrequencyRegulator.v(45): truncated value with size 32 to match size of target (8) File: D:/Files/University/Term 4/DLD Lab/Projects/Project2/Quartus/1_1_1_Freauency_Regulator/FrequencyRegulator.v Line: 45
Info (13000): Registers with preset signals will power-up high File: D:/Files/University/Term 4/DLD Lab/Projects/Project2/Quartus/1_1_1_Freauency_Regulator/FrequencyRegulator.v Line: 40
Info (13003): DEV_CLRn pin will set, and not reset, register with preset signal due to NOT Gate Push-Back
Warning (13004): Presettable and clearable registers converted to equivalent circuits with latches. Registers power-up to an undefined state, and DEVCLRn places the registers in an undefined state.
    Warning (13310): Register "Divider:inst|MyCounter:cnt|cnt[7]" is converted into an equivalent circuit using register "Divider:inst|MyCounter:cnt|cnt[7]~_emulated" and latch "Divider:inst|MyCounter:cnt|cnt[7]~1" File: D:/Files/University/Term 4/DLD Lab/Projects/Project2/Quartus/1_1_1_Freauency_Regulator/Divider.v Line: 13
    Warning (13310): Register "Divider:inst|MyCounter:cnt|cnt[6]" is converted into an equivalent circuit using register "Divider:inst|MyCounter:cnt|cnt[6]~_emulated" and latch "Divider:inst|MyCounter:cnt|cnt[6]~5" File: D:/Files/University/Term 4/DLD Lab/Projects/Project2/Quartus/1_1_1_Freauency_Regulator/Divider.v Line: 13
    Warning (13310): Register "Divider:inst|MyCounter:cnt|cnt[5]" is converted into an equivalent circuit using register "Divider:inst|MyCounter:cnt|cnt[5]~_emulated" and latch "Divider:inst|MyCounter:cnt|cnt[5]~9" File: D:/Files/University/Term 4/DLD Lab/Projects/Project2/Quartus/1_1_1_Freauency_Regulator/Divider.v Line: 13
    Warning (13310): Register "Divider:inst|MyCounter:cnt|cnt[4]" is converted into an equivalent circuit using register "Divider:inst|MyCounter:cnt|cnt[4]~_emulated" and latch "Divider:inst|MyCounter:cnt|cnt[4]~13" File: D:/Files/University/Term 4/DLD Lab/Projects/Project2/Quartus/1_1_1_Freauency_Regulator/Divider.v Line: 13
    Warning (13310): Register "Divider:inst|MyCounter:cnt|cnt[3]" is converted into an equivalent circuit using register "Divider:inst|MyCounter:cnt|cnt[3]~_emulated" and latch "Divider:inst|MyCounter:cnt|cnt[3]~17" File: D:/Files/University/Term 4/DLD Lab/Projects/Project2/Quartus/1_1_1_Freauency_Regulator/Divider.v Line: 13
    Warning (13310): Register "Divider:inst|MyCounter:cnt|cnt[2]" is converted into an equivalent circuit using register "Divider:inst|MyCounter:cnt|cnt[2]~_emulated" and latch "Divider:inst|MyCounter:cnt|cnt[2]~21" File: D:/Files/University/Term 4/DLD Lab/Projects/Project2/Quartus/1_1_1_Freauency_Regulator/Divider.v Line: 13
    Warning (13310): Register "Divider:inst|MyCounter:cnt|cnt[1]" is converted into an equivalent circuit using register "Divider:inst|MyCounter:cnt|cnt[1]~_emulated" and latch "Divider:inst|MyCounter:cnt|cnt[1]~25" File: D:/Files/University/Term 4/DLD Lab/Projects/Project2/Quartus/1_1_1_Freauency_Regulator/Divider.v Line: 13
    Warning (13310): Register "Divider:inst|MyCounter:cnt|cnt[0]" is converted into an equivalent circuit using register "Divider:inst|MyCounter:cnt|cnt[0]~_emulated" and latch "Divider:inst|MyCounter:cnt|cnt[0]~29" File: D:/Files/University/Term 4/DLD Lab/Projects/Project2/Quartus/1_1_1_Freauency_Regulator/Divider.v Line: 13
Info (286030): Timing-Driven Synthesis is running
Info (144001): Generated suppressed messages file D:/Files/University/Term 4/DLD Lab/Projects/Project2/Quartus/1_1_1_Freauency_Regulator/output_files/FrequencyRegulator.map.smsg
Info (16010): Generating hard_block partition "hard_block:auto_generated_inst"
    Info (16011): Adding 0 node(s), including 0 DDIO, 0 PLL, 0 transceiver and 0 LCELL
Info (21057): Implemented 119 device resources after synthesis - the final resource count might be different
    Info (21058): Implemented 11 input pins
    Info (21059): Implemented 19 output pins
    Info (21061): Implemented 89 logic cells
Info: Quartus Prime Analysis & Synthesis was successful. 0 errors, 14 warnings
    Info: Peak virtual memory: 4755 megabytes
    Info: Processing ended: Mon May 03 21:57:37 2021
    Info: Elapsed time: 00:00:16
    Info: Total CPU time (on all processors): 00:00:33


+------------------------------------------+
; Analysis & Synthesis Suppressed Messages ;
+------------------------------------------+
The suppressed messages can be found in D:/Files/University/Term 4/DLD Lab/Projects/Project2/Quartus/1_1_1_Freauency_Regulator/output_files/FrequencyRegulator.map.smsg.


